#
# There is insufficient memory for the Java Runtime Environment to continue.
# Native memory allocation (malloc) failed to allocate 157056 bytes for Chunk::new
# Possible reasons:
#   The system is out of physical RAM or swap space
#   The process is running with CompressedOops enabled, and the Java Heap may be blocking the growth of the native heap
# Possible solutions:
#   Reduce memory load on the system
#   Increase physical memory or swap space
#   Check if swap backing store is full
#   Decrease Java heap size (-Xmx/-Xms)
#   Decrease number of Java threads
#   Decrease Java thread stack sizes (-Xss)
#   Set larger code cache with -XX:ReservedCodeCacheSize=
#   JVM is running with Unscaled Compressed Oops mode in which the Java heap is
#     placed in the first 4GB address space. The Java Heap base address is the
#     maximum limit for the native heap growth. Please use -XX:HeapBaseMinAddress
#     to set the Java Heap base and to place the Java Heap above 4GB virtual address.
# This output file may be truncated or incomplete.
#
#  Out of Memory Error (allocation.cpp:389), pid=4708, tid=0x0000000000003bb4
#
# JRE version: Java(TM) SE Runtime Environment (8.0_281-b09) (build 1.8.0_281-b09)
# Java VM: Java HotSpot(TM) 64-Bit Server VM (25.281-b09 mixed mode windows-amd64 compressed oops)
# Failed to write core dump. Minidumps are not enabled by default on client versions of Windows
#

---------------  T H R E A D  ---------------

Current thread (0x000001e43fbb0000):  JavaThread "C2 CompilerThread5" daemon [_thread_in_native, id=15284, stack(0x000000e0f3000000,0x000000e0f3100000)]

Stack: [0x000000e0f3000000,0x000000e0f3100000]
Native frames: (J=compiled Java code, j=interpreted, Vv=VM code, C=native code)
V  [jvm.dll+0x32e5b9]


Current CompileTask:
C2:   1163 1802   !   4       sun.misc.URLClassPath$JarLoader::getResource (85 bytes)


---------------  P R O C E S S  ---------------

Java Threads: ( => current thread )
  0x000001e440d5f000 JavaThread "Thread-4" [_thread_blocked, id=8668, stack(0x000000e0f3c00000,0x000000e0f3d00000)]
  0x000001e4407e4000 JavaThread "background-preinit" [_thread_in_vm, id=12644, stack(0x000000e0f3b00000,0x000000e0f3c00000)]
  0x000001e4406a2000 JavaThread "restartedMain" [_thread_in_native, id=13432, stack(0x000000e0f3a00000,0x000000e0f3b00000)]
  0x000001e4406a1800 JavaThread "Thread-0" [_thread_blocked, id=1180, stack(0x000000e0f3900000,0x000000e0f3a00000)]
  0x000001e43fdf8000 JavaThread "Service Thread" daemon [_thread_blocked, id=9548, stack(0x000000e0f3700000,0x000000e0f3800000)]
  0x000001e43fbb1800 JavaThread "C1 CompilerThread11" daemon [_thread_blocked, id=8872, stack(0x000000e0f3600000,0x000000e0f3700000)]
  0x000001e43fbb1000 JavaThread "C1 CompilerThread10" daemon [_thread_in_native, id=7396, stack(0x000000e0f3500000,0x000000e0f3600000)]
  0x000001e43fbaf800 JavaThread "C1 CompilerThread9" daemon [_thread_blocked, id=14056, stack(0x000000e0f3400000,0x000000e0f3500000)]
  0x000001e43fbb6000 JavaThread "C1 CompilerThread8" daemon [_thread_blocked, id=604, stack(0x000000e0f3300000,0x000000e0f3400000)]
  0x000001e43fbb2800 JavaThread "C2 CompilerThread7" daemon [_thread_in_native, id=3008, stack(0x000000e0f3200000,0x000000e0f3300000)]
  0x000001e43fbb3000 JavaThread "C2 CompilerThread6" daemon [_thread_in_native, id=1640, stack(0x000000e0f3100000,0x000000e0f3200000)]
=>0x000001e43fbb0000 JavaThread "C2 CompilerThread5" daemon [_thread_in_native, id=15284, stack(0x000000e0f3000000,0x000000e0f3100000)]
  0x000001e43fbb4000 JavaThread "C2 CompilerThread4" daemon [_thread_in_native, id=8604, stack(0x000000e0f2f00000,0x000000e0f3000000)]
  0x000001e43fbb5800 JavaThread "C2 CompilerThread3" daemon [_thread_in_native, id=572, stack(0x000000e0f2e00000,0x000000e0f2f00000)]
  0x000001e43fbb4800 JavaThread "C2 CompilerThread2" daemon [_thread_blocked, id=8636, stack(0x000000e0f2d00000,0x000000e0f2e00000)]
  0x000001e43fbae800 JavaThread "C2 CompilerThread1" daemon [_thread_blocked, id=9912, stack(0x000000e0f2c00000,0x000000e0f2d00000)]
  0x000001e43fbad000 JavaThread "C2 CompilerThread0" daemon [_thread_in_native, id=5852, stack(0x000000e0f2b00000,0x000000e0f2c00000)]
  0x000001e43fbab000 JavaThread "Monitor Ctrl-Break" daemon [_thread_in_native, id=10188, stack(0x000000e0f2a00000,0x000000e0f2b00000)]
  0x000001e43f808000 JavaThread "Attach Listener" daemon [_thread_blocked, id=8320, stack(0x000000e0f2900000,0x000000e0f2a00000)]
  0x000001e43f805800 JavaThread "Signal Dispatcher" daemon [_thread_blocked, id=7820, stack(0x000000e0f2800000,0x000000e0f2900000)]
  0x000001e43caf8800 JavaThread "Finalizer" daemon [_thread_blocked, id=9956, stack(0x000000e0f2700000,0x000000e0f2800000)]
  0x000001e43f7e0800 JavaThread "Reference Handler" daemon [_thread_blocked, id=2488, stack(0x000000e0f2600000,0x000000e0f2700000)]
  0x000001e426865800 JavaThread "main" [_thread_blocked, id=13100, stack(0x000000e0f1700000,0x000000e0f1800000)]

Other Threads:
  0x000001e43cae9000 VMThread [stack: 0x000000e0f2500000,0x000000e0f2600000] [id=9072]
  0x000001e43fbbe800 WatcherThread [stack: 0x000000e0f3800000,0x000000e0f3900000] [id=7020]

VM state:not at safepoint (normal execution)

VM Mutex/Monitor currently owned by a thread: None

heap address: 0x0000000081c00000, size: 2020 MB, Compressed Oops mode: 32-bit
Narrow klass base: 0x0000000000000000, Narrow klass shift: 3
Compressed class space size: 1073741824 Address: 0x0000000100000000

Heap:
 PSYoungGen      total 71680K, used 40611K [0x00000000d5f00000, 0x00000000daa00000, 0x0000000100000000)
  eden space 66560K, 53% used [0x00000000d5f00000,0x00000000d81ac278,0x00000000da000000)
  from space 5120K, 99% used [0x00000000da000000,0x00000000da4fccc8,0x00000000da500000)
  to   space 5120K, 0% used [0x00000000da500000,0x00000000da500000,0x00000000daa00000)
 ParOldGen       total 87552K, used 4521K [0x0000000081c00000, 0x0000000087180000, 0x00000000d5f00000)
  object space 87552K, 5% used [0x0000000081c00000,0x000000008206a6e8,0x0000000087180000)
 Metaspace       used 20149K, capacity 21104K, committed 21296K, reserved 1067008K
  class space    used 2637K, capacity 2845K, committed 2944K, reserved 1048576K

Card table byte_map: [0x000001e437630000,0x000001e437a30000] byte_map_base: 0x000001e437222000

Marking Bits: (ParMarkBitMap*) 0x00000000510a6ff0
 Begin Bits: [0x000001e437ce0000, 0x000001e439c70000)
 End Bits:   [0x000001e439c70000, 0x000001e43bc00000)

Polling page: 0x000001e4269f0000

CodeCache: size=245760Kb used=7388Kb max_used=7388Kb free=238371Kb
 bounds [0x000001e428270000, 0x000001e4289b0000, 0x000001e437270000]
 total_blobs=2176 nmethods=1804 adapters=282
 compilation: enabled

Compilation events (10 events):
Event: 1.158 Thread 0x000001e43fbb1800 1807       1       java.nio.charset.CharsetEncoder::maxBytesPerChar (5 bytes)
Event: 1.158 Thread 0x000001e43fbae800 1809       4       java.util.zip.ZipCoder::encoder (35 bytes)
Event: 1.158 Thread 0x000001e43fbb1800 nmethod 1807 0x000001e4289a2a90 code [0x000001e4289a2be0, 0x000001e4289a2cf8]
Event: 1.158 Thread 0x000001e43fbb4000 nmethod 1808 0x000001e42896c190 code [0x000001e42896c2c0, 0x000001e42896c318]
Event: 1.159 Thread 0x000001e43fbae800 nmethod 1809 0x000001e4289a2650 code [0x000001e4289a27c0, 0x000001e4289a2908]
Event: 1.160 Thread 0x000001e43fbaf800 1810       3       java.io.WinNTFileSystem::normalizePrefix (132 bytes)
Event: 1.160 Thread 0x000001e43fbb4800 nmethod 1804 0x000001e4289a4e90 code [0x000001e4289a5040, 0x000001e4289a5610]
Event: 1.161 Thread 0x000001e43fbb4000 1811   !   4       java.util.zip.ZipFile::getEntry (101 bytes)
Event: 1.161 Thread 0x000001e43fbaf800 nmethod 1810 0x000001e4289a8d90 code [0x000001e4289a9120, 0x000001e4289ab710]
Event: 1.161 Thread 0x000001e43fbb1000 1812       3       java.util.Properties::saveConvert (434 bytes)

GC Heap History (10 events):
Event: 0.455 GC heap before
{Heap before GC invocations=1 (full 0):
 PSYoungGen      total 38400K, used 33274K [0x00000000d5f00000, 0x00000000d8980000, 0x0000000100000000)
  eden space 33280K, 99% used [0x00000000d5f00000,0x00000000d7f7eac0,0x00000000d7f80000)
  from space 5120K, 0% used [0x00000000d8480000,0x00000000d8480000,0x00000000d8980000)
  to   space 5120K, 0% used [0x00000000d7f80000,0x00000000d7f80000,0x00000000d8480000)
 ParOldGen       total 87552K, used 0K [0x0000000081c00000, 0x0000000087180000, 0x00000000d5f00000)
  object space 87552K, 0% used [0x0000000081c00000,0x0000000081c00000,0x0000000087180000)
 Metaspace       used 8040K, capacity 8336K, committed 8448K, reserved 1056768K
  class space    used 922K, capacity 992K, committed 1024K, reserved 1048576K
Event: 0.459 GC heap after
Heap after GC invocations=1 (full 0):
 PSYoungGen      total 38400K, used 4349K [0x00000000d5f00000, 0x00000000d8980000, 0x0000000100000000)
  eden space 33280K, 0% used [0x00000000d5f00000,0x00000000d5f00000,0x00000000d7f80000)
  from space 5120K, 84% used [0x00000000d7f80000,0x00000000d83bf760,0x00000000d8480000)
  to   space 5120K, 0% used [0x00000000d8480000,0x00000000d8480000,0x00000000d8980000)
 ParOldGen       total 87552K, used 16K [0x0000000081c00000, 0x0000000087180000, 0x00000000d5f00000)
  object space 87552K, 0% used [0x0000000081c00000,0x0000000081c04000,0x0000000087180000)
 Metaspace       used 8040K, capacity 8336K, committed 8448K, reserved 1056768K
  class space    used 922K, capacity 992K, committed 1024K, reserved 1048576K
}
Event: 0.466 GC heap before
{Heap before GC invocations=2 (full 0):
 PSYoungGen      total 38400K, used 37629K [0x00000000d5f00000, 0x00000000d8980000, 0x0000000100000000)
  eden space 33280K, 100% used [0x00000000d5f00000,0x00000000d7f80000,0x00000000d7f80000)
  from space 5120K, 84% used [0x00000000d7f80000,0x00000000d83bf760,0x00000000d8480000)
  to   space 5120K, 0% used [0x00000000d8480000,0x00000000d8480000,0x00000000d8980000)
 ParOldGen       total 87552K, used 16K [0x0000000081c00000, 0x0000000087180000, 0x00000000d5f00000)
  object space 87552K, 0% used [0x0000000081c00000,0x0000000081c04000,0x0000000087180000)
 Metaspace       used 8048K, capacity 8336K, committed 8448K, reserved 1056768K
  class space    used 922K, capacity 992K, committed 1024K, reserved 1048576K
Event: 0.468 GC heap after
Heap after GC invocations=2 (full 0):
 PSYoungGen      total 38400K, used 2245K [0x00000000d5f00000, 0x00000000daa00000, 0x0000000100000000)
  eden space 33280K, 0% used [0x00000000d5f00000,0x00000000d5f00000,0x00000000d7f80000)
  from space 5120K, 43% used [0x00000000d8480000,0x00000000d86b1450,0x00000000d8980000)
  to   space 5120K, 0% used [0x00000000d7f80000,0x00000000d7f80000,0x00000000d8480000)
 ParOldGen       total 87552K, used 24K [0x0000000081c00000, 0x0000000087180000, 0x00000000d5f00000)
  object space 87552K, 0% used [0x0000000081c00000,0x0000000081c06000,0x0000000087180000)
 Metaspace       used 8048K, capacity 8336K, committed 8448K, reserved 1056768K
  class space    used 922K, capacity 992K, committed 1024K, reserved 1048576K
}
Event: 0.674 GC heap before
{Heap before GC invocations=3 (full 0):
 PSYoungGen      total 38400K, used 35525K [0x00000000d5f00000, 0x00000000daa00000, 0x0000000100000000)
  eden space 33280K, 100% used [0x00000000d5f00000,0x00000000d7f80000,0x00000000d7f80000)
  from space 5120K, 43% used [0x00000000d8480000,0x00000000d86b1450,0x00000000d8980000)
  to   space 5120K, 0% used [0x00000000d7f80000,0x00000000d7f80000,0x00000000d8480000)
 ParOldGen       total 87552K, used 24K [0x0000000081c00000, 0x0000000087180000, 0x00000000d5f00000)
  object space 87552K, 0% used [0x0000000081c00000,0x0000000081c06000,0x0000000087180000)
 Metaspace       used 11124K, capacity 11634K, committed 11776K, reserved 1058816K
  class space    used 1342K, capacity 1462K, committed 1536K, reserved 1048576K
Event: 0.677 GC heap after
Heap after GC invocations=3 (full 0):
 PSYoungGen      total 38400K, used 5109K [0x00000000d5f00000, 0x00000000daa00000, 0x0000000100000000)
  eden space 33280K, 0% used [0x00000000d5f00000,0x00000000d5f00000,0x00000000d7f80000)
  from space 5120K, 99% used [0x00000000d7f80000,0x00000000d847d788,0x00000000d8480000)
  to   space 5120K, 0% used [0x00000000da500000,0x00000000da500000,0x00000000daa00000)
 ParOldGen       total 87552K, used 123K [0x0000000081c00000, 0x0000000087180000, 0x00000000d5f00000)
  object space 87552K, 0% used [0x0000000081c00000,0x0000000081c1ee68,0x0000000087180000)
 Metaspace       used 11124K, capacity 11634K, committed 11776K, reserved 1058816K
  class space    used 1342K, capacity 1462K, committed 1536K, reserved 1048576K
}
Event: 0.937 GC heap before
{Heap before GC invocations=4 (full 0):
 PSYoungGen      total 38400K, used 38389K [0x00000000d5f00000, 0x00000000daa00000, 0x0000000100000000)
  eden space 33280K, 100% used [0x00000000d5f00000,0x00000000d7f80000,0x00000000d7f80000)
  from space 5120K, 99% used [0x00000000d7f80000,0x00000000d847d788,0x00000000d8480000)
  to   space 5120K, 0% used [0x00000000da500000,0x00000000da500000,0x00000000daa00000)
 ParOldGen       total 87552K, used 123K [0x0000000081c00000, 0x0000000087180000, 0x00000000d5f00000)
  object space 87552K, 0% used [0x0000000081c00000,0x0000000081c1ee68,0x0000000087180000)
 Metaspace       used 14871K, capacity 15584K, committed 15744K, reserved 1062912K
  class space    used 1881K, capacity 2055K, committed 2176K, reserved 1048576K
Event: 0.941 GC heap after
Heap after GC invocations=4 (full 0):
 PSYoungGen      total 71680K, used 5111K [0x00000000d5f00000, 0x00000000daa00000, 0x0000000100000000)
  eden space 66560K, 0% used [0x00000000d5f00000,0x00000000d5f00000,0x00000000da000000)
  from space 5120K, 99% used [0x00000000da500000,0x00000000da9fdd40,0x00000000daa00000)
  to   space 5120K, 0% used [0x00000000da000000,0x00000000da000000,0x00000000da500000)
 ParOldGen       total 87552K, used 956K [0x0000000081c00000, 0x0000000087180000, 0x00000000d5f00000)
  object space 87552K, 1% used [0x0000000081c00000,0x0000000081cef2d8,0x0000000087180000)
 Metaspace       used 14871K, capacity 15584K, committed 15744K, reserved 1062912K
  class space    used 1881K, capacity 2055K, committed 2176K, reserved 1048576K
}
Event: 1.130 GC heap before
{Heap before GC invocations=5 (full 0):
 PSYoungGen      total 71680K, used 71637K [0x00000000d5f00000, 0x00000000daa00000, 0x0000000100000000)
  eden space 66560K, 99% used [0x00000000d5f00000,0x00000000d9ff77a8,0x00000000da000000)
  from space 5120K, 99% used [0x00000000da500000,0x00000000da9fdd40,0x00000000daa00000)
  to   space 5120K, 0% used [0x00000000da000000,0x00000000da000000,0x00000000da500000)
 ParOldGen       total 87552K, used 956K [0x0000000081c00000, 0x0000000087180000, 0x00000000d5f00000)
  object space 87552K, 1% used [0x0000000081c00000,0x0000000081cef2d8,0x0000000087180000)
 Metaspace       used 19291K, capacity 20240K, committed 20480K, reserved 1067008K
  class space    used 2576K, capacity 2813K, committed 2816K, reserved 1048576K
Event: 1.136 GC heap after
Heap after GC invocations=5 (full 0):
 PSYoungGen      total 71680K, used 5107K [0x00000000d5f00000, 0x00000000daa00000, 0x0000000100000000)
  eden space 66560K, 0% used [0x00000000d5f00000,0x00000000d5f00000,0x00000000da000000)
  from space 5120K, 99% used [0x00000000da000000,0x00000000da4fccc8,0x00000000da500000)
  to   space 5120K, 0% used [0x00000000da500000,0x00000000da500000,0x00000000daa00000)
 ParOldGen       total 87552K, used 4521K [0x0000000081c00000, 0x0000000087180000, 0x00000000d5f00000)
  object space 87552K, 5% used [0x0000000081c00000,0x000000008206a6e8,0x0000000087180000)
 Metaspace       used 19291K, capacity 20240K, committed 20480K, reserved 1067008K
  class space    used 2576K, capacity 2813K, committed 2816K, reserved 1048576K
}

Deoptimization events (10 events):
Event: 0.729 Thread 0x000001e4406a2000 Uncommon trap: reason=unstable_if action=reinterpret pc=0x000001e428702108 method=java.util.HashMap.getNode(ILjava/lang/Object;)Ljava/util/HashMap$Node; @ 129
Event: 0.729 Thread 0x000001e4406a2000 Uncommon trap: reason=unstable_if action=reinterpret pc=0x000001e4287af580 method=java.util.HashMap.putVal(ILjava/lang/Object;Ljava/lang/Object;ZZ)Ljava/lang/Object; @ 181
Event: 0.947 Thread 0x000001e4407e4000 Uncommon trap: reason=unstable_if action=reinterpret pc=0x000001e4288ccd10 method=java.util.concurrent.ConcurrentHashMap.putVal(Ljava/lang/Object;Ljava/lang/Object;Z)Ljava/lang/Object; @ 113
Event: 0.948 Thread 0x000001e4406a2000 Uncommon trap: reason=unstable_if action=reinterpret pc=0x000001e4287ae6f0 method=java.util.HashMap.putVal(ILjava/lang/Object;Ljava/lang/Object;ZZ)Ljava/lang/Object; @ 181
Event: 1.043 Thread 0x000001e4406a2000 Uncommon trap: reason=unstable_if action=reinterpret pc=0x000001e42873ed24 method=java.io.WinNTFileSystem.normalize(Ljava/lang/String;)Ljava/lang/String; @ 128
Event: 1.088 Thread 0x000001e4407e4000 Uncommon trap: reason=class_check action=maybe_recompile pc=0x000001e4289483e0 method=java.util.HashMap.putVal(ILjava/lang/Object;Ljava/lang/Object;ZZ)Ljava/lang/Object; @ 203
Event: 1.090 Thread 0x000001e4407e4000 Uncommon trap: reason=class_check action=maybe_recompile pc=0x000001e4289483e0 method=java.util.HashMap.putVal(ILjava/lang/Object;Ljava/lang/Object;ZZ)Ljava/lang/Object; @ 203
Event: 1.091 Thread 0x000001e4407e4000 Uncommon trap: reason=class_check action=maybe_recompile pc=0x000001e4289483e0 method=java.util.HashMap.putVal(ILjava/lang/Object;Ljava/lang/Object;ZZ)Ljava/lang/Object; @ 203
Event: 1.101 Thread 0x000001e4406a2000 Uncommon trap: reason=unstable_if action=reinterpret pc=0x000001e428862d30 method=java.util.Hashtable$Enumerator.nextElement()Ljava/lang/Object; @ 71
Event: 1.124 Thread 0x000001e4407e4000 Uncommon trap: reason=unstable_if action=reinterpret pc=0x000001e4289323f8 method=java.util.concurrent.ConcurrentHashMap.addCount(JI)V @ 34

Classes redefined (0 events):
No events

Internal exceptions (10 events):
Event: 1.024 Thread 0x000001e4406a2000 Exception <a 'java/lang/ClassNotFoundException': org/springframework/core/OrderedCustomizer> (0x00000000d77357b0) thrown at [C:\jenkins\workspace\8-2-build-windows-amd64-cygwin\jdk8u281\880\hotspot\src\share\vm\classfile\systemDictionary.cpp, line 212]
Event: 1.024 Thread 0x000001e4406a2000 Exception <a 'java/lang/ClassNotFoundException': org/springframework/context/ResourceLoaderAwareCustomizer> (0x00000000d78529f8) thrown at [C:\jenkins\workspace\8-2-build-windows-amd64-cygwin\jdk8u281\880\hotspot\src\share\vm\classfile\systemDictionary.cp
Event: 1.025 Thread 0x000001e4406a2000 Exception <a 'java/lang/ClassNotFoundException': org/springframework/beans/factory/AwareCustomizer> (0x00000000d7867d08) thrown at [C:\jenkins\workspace\8-2-build-windows-amd64-cygwin\jdk8u281\880\hotspot\src\share\vm\classfile\systemDictionary.cpp, line 
Event: 1.025 Thread 0x000001e4406a2000 Exception <a 'java/lang/ClassNotFoundException': org/springframework/context/ApplicationStartupAwareCustomizer> (0x00000000d787f4e8) thrown at [C:\jenkins\workspace\8-2-build-windows-amd64-cygwin\jdk8u281\880\hotspot\src\share\vm\classfile\systemDictionar
Event: 1.025 Thread 0x000001e4406a2000 Exception <a 'java/lang/ClassNotFoundException': org/springframework/beans/factory/AwareCustomizer> (0x00000000d7894c80) thrown at [C:\jenkins\workspace\8-2-build-windows-amd64-cygwin\jdk8u281\880\hotspot\src\share\vm\classfile\systemDictionary.cpp, line 
Event: 1.026 Thread 0x000001e4406a2000 Exception <a 'java/lang/ClassNotFoundException': org/springframework/beans/factory/BeanClassLoaderAwareCustomizer> (0x00000000d78acf08) thrown at [C:\jenkins\workspace\8-2-build-windows-amd64-cygwin\jdk8u281\880\hotspot\src\share\vm\classfile\systemDictio
Event: 1.026 Thread 0x000001e4406a2000 Exception <a 'java/lang/ClassNotFoundException': org/springframework/beans/factory/AwareCustomizer> (0x00000000d78c2230) thrown at [C:\jenkins\workspace\8-2-build-windows-amd64-cygwin\jdk8u281\880\hotspot\src\share\vm\classfile\systemDictionary.cpp, line 
Event: 1.026 Thread 0x000001e4406a2000 Exception <a 'java/lang/ClassNotFoundException': org/springframework/context/EnvironmentAwareCustomizer> (0x00000000d78d7910) thrown at [C:\jenkins\workspace\8-2-build-windows-amd64-cygwin\jdk8u281\880\hotspot\src\share\vm\classfile\systemDictionary.cpp, 
Event: 1.027 Thread 0x000001e4406a2000 Exception <a 'java/lang/ClassNotFoundException': org/springframework/beans/factory/AwareCustomizer> (0x00000000d78ecb18) thrown at [C:\jenkins\workspace\8-2-build-windows-amd64-cygwin\jdk8u281\880\hotspot\src\share\vm\classfile\systemDictionary.cpp, line 
Event: 1.089 Thread 0x000001e4406a2000 Exception <a 'java/lang/NoSuchMethodError': java.lang.Object.lambda$or$2(Ljava/util/function/Predicate;Ljava/lang/Object;)Z> (0x00000000d8c0a018) thrown at [C:\jenkins\workspace\8-2-build-windows-amd64-cygwin\jdk8u281\880\hotspot\src\share\vm\interpreter\

Events (10 events):
Event: 1.161 loading class org/springframework/security/config/annotation/web/reactive/EnableWebFluxSecurity
Event: 1.161 loading class org/springframework/security/config/annotation/web/reactive/EnableWebFluxSecurity done
Event: 1.161 loading class freemarker/template/Configuration
Event: 1.161 loading class freemarker/template/Configuration done
Event: 1.161 loading class com/fasterxml/jackson/databind/node/TreeTraversingParser
Event: 1.161 loading class com/fasterxml/jackson/databind/node/TreeTraversingParser done
Event: 1.161 loading class org/apache/solr/client/solrj/impl/CloudSolrClient
Event: 1.161 loading class org/apache/solr/client/solrj/impl/CloudSolrClient done
Event: 1.161 loading class groovy/text/markup/MarkupTemplateEngine
Event: 1.161 loading class groovy/text/markup/MarkupTemplateEngine done


Dynamic libraries:
0x00007ff7feb00000 - 0x00007ff7feb47000 	C:\Program Files\Java\jdk1.8.0_281\bin\java.exe
0x00007fff5c070000 - 0x00007fff5c265000 	C:\Windows\SYSTEM32\ntdll.dll
0x00007fff5a940000 - 0x00007fff5a9fd000 	C:\Windows\System32\KERNEL32.DLL
0x00007fff59c30000 - 0x00007fff59ef8000 	C:\Windows\System32\KERNELBASE.dll
0x00007fff5a530000 - 0x00007fff5a5dc000 	C:\Windows\System32\ADVAPI32.dll
0x00007fff5a490000 - 0x00007fff5a52e000 	C:\Windows\System32\msvcrt.dll
0x00007fff5bce0000 - 0x00007fff5bd7b000 	C:\Windows\System32\sechost.dll
0x00007fff5b660000 - 0x00007fff5b78b000 	C:\Windows\System32\RPCRT4.dll
0x00007fff5acf0000 - 0x00007fff5ae90000 	C:\Windows\System32\USER32.dll
0x00007fff59ff0000 - 0x00007fff5a012000 	C:\Windows\System32\win32u.dll
0x00007fff5a190000 - 0x00007fff5a1ba000 	C:\Windows\System32\GDI32.dll
0x00007fff59930000 - 0x00007fff59a3b000 	C:\Windows\System32\gdi32full.dll
0x00007fff59f50000 - 0x00007fff59fed000 	C:\Windows\System32\msvcp_win.dll
0x00007fff597b0000 - 0x00007fff598b0000 	C:\Windows\System32\ucrtbase.dll
0x00007fff43f90000 - 0x00007fff4422a000 	C:\Windows\WinSxS\amd64_microsoft.windows.common-controls_6595b64144ccf1df_6.0.19041.844_none_ca00b6081b84eb1d\COMCTL32.dll
0x00007fff5b790000 - 0x00007fff5b7c0000 	C:\Windows\System32\IMM32.DLL
0x00007fff51e90000 - 0x00007fff51ea5000 	C:\Program Files\Java\jdk1.8.0_281\jre\bin\vcruntime140.dll
0x00007fff31280000 - 0x00007fff3131b000 	C:\Program Files\Java\jdk1.8.0_281\jre\bin\msvcp140.dll
0x00000000508c0000 - 0x000000005111f000 	C:\Program Files\Java\jdk1.8.0_281\jre\bin\server\jvm.dll
0x00007fff5aa80000 - 0x00007fff5aa88000 	C:\Windows\System32\PSAPI.DLL
0x00007fff4e420000 - 0x00007fff4e447000 	C:\Windows\SYSTEM32\WINMM.dll
0x00007fff3de60000 - 0x00007fff3de69000 	C:\Windows\SYSTEM32\WSOCK32.dll
0x00007fff4e410000 - 0x00007fff4e41a000 	C:\Windows\SYSTEM32\VERSION.dll
0x00007fff5ac80000 - 0x00007fff5aceb000 	C:\Windows\System32\WS2_32.dll
0x00007fff576d0000 - 0x00007fff576e2000 	C:\Windows\SYSTEM32\kernel.appcore.dll
0x00007fff56420000 - 0x00007fff56430000 	C:\Program Files\Java\jdk1.8.0_281\jre\bin\verify.dll
0x00007fff4cce0000 - 0x00007fff4cd0b000 	C:\Program Files\Java\jdk1.8.0_281\jre\bin\java.dll
0x00007fff40ed0000 - 0x00007fff40f00000 	C:\Program Files\Java\jdk1.8.0_281\jre\bin\instrument.dll
0x00007fff51bc0000 - 0x00007fff51bd8000 	C:\Program Files\Java\jdk1.8.0_281\jre\bin\zip.dll
0x00007fff5af10000 - 0x00007fff5b652000 	C:\Windows\System32\SHELL32.dll
0x00007fff578d0000 - 0x00007fff58061000 	C:\Windows\SYSTEM32\windows.storage.dll
0x00007fff5a5e0000 - 0x00007fff5a935000 	C:\Windows\System32\combase.dll
0x00007fff59150000 - 0x00007fff5917c000 	C:\Windows\SYSTEM32\Wldp.dll
0x00007fff5b7c0000 - 0x00007fff5b86e000 	C:\Windows\System32\SHCORE.dll
0x00007fff5ab40000 - 0x00007fff5ab95000 	C:\Windows\System32\shlwapi.dll
0x00007fff596f0000 - 0x00007fff5970f000 	C:\Windows\SYSTEM32\profapi.dll
0x00007fff40eb0000 - 0x00007fff40eca000 	C:\Program Files\JetBrains\IntelliJ IDEA Community Edition 2020.3.3\bin\breakgen64.dll
0x00007fff461d0000 - 0x00007fff461ec000 	C:\Program Files\Java\jdk1.8.0_281\jre\bin\net.dll
0x00007fff58f30000 - 0x00007fff58f9a000 	C:\Windows\system32\mswsock.dll
0x00007fff563d0000 - 0x00007fff563dd000 	C:\Program Files\Java\jdk1.8.0_281\jre\bin\management.dll
0x00007fff2dbe0000 - 0x00007fff2dbf7000 	C:\Windows\system32\napinsp.dll
0x00007fff2cca0000 - 0x00007fff2ccbb000 	C:\Windows\system32\pnrpnsp.dll
0x00007fff54910000 - 0x00007fff54925000 	C:\Windows\system32\wshbth.dll
0x00007fff55720000 - 0x00007fff5573d000 	C:\Windows\system32\NLAapi.dll
0x00007fff58bf0000 - 0x00007fff58c2b000 	C:\Windows\SYSTEM32\IPHLPAPI.DLL
0x00007fff58c40000 - 0x00007fff58d0c000 	C:\Windows\SYSTEM32\DNSAPI.dll
0x00007fff5c020000 - 0x00007fff5c028000 	C:\Windows\System32\NSI.dll
0x00007fff2a1b0000 - 0x00007fff2a1c2000 	C:\Windows\System32\winrnr.dll
0x00007fff4c3f0000 - 0x00007fff4c3fa000 	C:\Windows\System32\rasadhlp.dll
0x00007fff518c0000 - 0x00007fff5193f000 	C:\Windows\System32\fwpuclnt.dll
0x00007fff59a40000 - 0x00007fff59a67000 	C:\Windows\System32\bcrypt.dll
0x00007fff41c00000 - 0x00007fff41c13000 	C:\Program Files\Java\jdk1.8.0_281\jre\bin\nio.dll

VM Arguments:
jvm_args: -javaagent:C:\Program Files\JetBrains\IntelliJ IDEA Community Edition 2020.3.3\lib\idea_rt.jar=62675:C:\Program Files\JetBrains\IntelliJ IDEA Community Edition 2020.3.3\bin -Dfile.encoding=UTF-8 
java_command: com.utn.Parcial.ParcialAceboCanalApplication
java_class_path (initial): C:\Program Files\Java\jdk1.8.0_281\jre\lib\charsets.jar;C:\Program Files\Java\jdk1.8.0_281\jre\lib\deploy.jar;C:\Program Files\Java\jdk1.8.0_281\jre\lib\ext\access-bridge-64.jar;C:\Program Files\Java\jdk1.8.0_281\jre\lib\ext\cldrdata.jar;C:\Program Files\Java\jdk1.8.0_281\jre\lib\ext\dnsns.jar;C:\Program Files\Java\jdk1.8.0_281\jre\lib\ext\jaccess.jar;C:\Program Files\Java\jdk1.8.0_281\jre\lib\ext\jfxrt.jar;C:\Program Files\Java\jdk1.8.0_281\jre\lib\ext\localedata.jar;C:\Program Files\Java\jdk1.8.0_281\jre\lib\ext\nashorn.jar;C:\Program Files\Java\jdk1.8.0_281\jre\lib\ext\sunec.jar;C:\Program Files\Java\jdk1.8.0_281\jre\lib\ext\sunjce_provider.jar;C:\Program Files\Java\jdk1.8.0_281\jre\lib\ext\sunmscapi.jar;C:\Program Files\Java\jdk1.8.0_281\jre\lib\ext\sunpkcs11.jar;C:\Program Files\Java\jdk1.8.0_281\jre\lib\ext\zipfs.jar;C:\Program Files\Java\jdk1.8.0_281\jre\lib\javaws.jar;C:\Program Files\Java\jdk1.8.0_281\jre\lib\jce.jar;C:\Program Files\Java\jdk1.8.0_281\jre\lib\jfr.jar;C:\Program Files\Java\jdk1.8.0_281\jre\lib\jfxswt.jar;C:\Program Files\Java\jdk1.8.0_281\jre\lib\jsse.jar;C:\Program Files\Java\jdk1.8.0_281\jre\lib\management-agent.jar;C:\Program Files\Java\jdk1.8.0_281\jre\lib\plugin.jar;C:\Program Files\Java\jdk1.8.0_281\jre\lib\resources.jar;C:\Program Files\Java\jdk1.8.0_281\jre\lib\rt.jar;C:\Users\franc\Documents\GitHub\ParcialFrancoAceboCanal\target\classes;C:\Users\franc\.m2\repository\org\springframework\boot\spring-boot-starter-data-jpa\2.4.4\spring-boot-starter-data-jpa-2.4.4.jar;C:\Users\franc\.m2\repository\org\springframework\boot\spring-boot-starter-aop\2.4.4\spring-boot-starter-aop-2.4.4.jar;C:\Users\franc\.m2\repository\org\springframework\spring-aop\5.3.5\spring-aop-5.3.5.jar;C:\Users\franc\.m2\repository\org\aspectj\aspectjweaver\1.9.6\aspectjweaver-1.9.6.jar;C:\Users\franc\.m2\repository\org\springframework\boot\spring-boot-starter-jdbc\2.4.4\spring-boot-starter-jdbc-2.4.4.jar;C:\Users\franc\.m2\repository\com\z
Launcher Type: SUN_STANDARD

Environment Variables:
JAVA_HOME=C:\Program Files\Java\jdk1.8.0_281
PATH=C:\Program Files (x86)\Common Files\Oracle\Java\javapath;C:\Windows\system32;C:\Windows;C:\Windows\System32\Wbem;C:\Windows\System32\WindowsPowerShell\v1.0\;C:\Windows\System32\OpenSSH\;C:\Program Files\nodejs\;C:\Program Files\Java\jdk1.8.0_281\bin;C:\Program Files\apache-maven-3.6.3-bin\apache-maven-3.6.3\bin;C:\Program Files\Git\cmd;C:\Users\franc\AppData\Local\Microsoft\WindowsApps;C:\Users\franc\AppData\Roaming\npm;C:\Users\franc\AppData\Local\Programs\Microsoft VS Code\bin;C:\Users\franc\AppData\Local\GitHubDesktop\bin
USERNAME=Franco
OS=Windows_NT
PROCESSOR_IDENTIFIER=AMD64 Family 23 Model 113 Stepping 0, AuthenticAMD



---------------  S Y S T E M  ---------------

OS: Windows 10.0 , 64 bit Build 19041 (10.0.19041.804)

CPU:total 16 (initial active 16) (16 cores per cpu, 1 threads per core) family 23 model 113 stepping 0, cmov, cx8, fxsr, mmx, sse, sse2, sse3, ssse3, sse4.1, sse4.2, popcnt, avx, avx2, aes, clmul, mmxext, 3dnowpref, lzcnt, sse4a, tsc, tscinvbit, tscinv, bmi1

Memory: 4k page, physical 8273156k(780408k free), swap 33438980k(648k free)

vm_info: Java HotSpot(TM) 64-Bit Server VM (25.281-b09) for windows-amd64 JRE (1.8.0_281-b09), built on Dec  9 2020 13:54:07 by "" with MS VC++ 15.9 (VS2017)

time: Wed Apr 14 19:11:37 2021
timezone: Hora estándar de Argentina
elapsed time: 1.165587 seconds (0d 0h 0m 1s)

