#
# There is insufficient memory for the Java Runtime Environment to continue.
# Native memory allocation (malloc) failed to allocate 1377536 bytes for Chunk::new
# Possible reasons:
#   The system is out of physical RAM or swap space
#   The process is running with CompressedOops enabled, and the Java Heap may be blocking the growth of the native heap
# Possible solutions:
#   Reduce memory load on the system
#   Increase physical memory or swap space
#   Check if swap backing store is full
#   Decrease Java heap size (-Xmx/-Xms)
#   Decrease number of Java threads
#   Decrease Java thread stack sizes (-Xss)
#   Set larger code cache with -XX:ReservedCodeCacheSize=
#   JVM is running with Unscaled Compressed Oops mode in which the Java heap is
#     placed in the first 4GB address space. The Java Heap base address is the
#     maximum limit for the native heap growth. Please use -XX:HeapBaseMinAddress
#     to set the Java Heap base and to place the Java Heap above 4GB virtual address.
# This output file may be truncated or incomplete.
#
#  Out of Memory Error (allocation.cpp:389), pid=1952, tid=0x0000000000002b18
#
# JRE version: Java(TM) SE Runtime Environment (8.0_281-b09) (build 1.8.0_281-b09)
# Java VM: Java HotSpot(TM) 64-Bit Server VM (25.281-b09 mixed mode windows-amd64 compressed oops)
# Failed to write core dump. Minidumps are not enabled by default on client versions of Windows
#

---------------  T H R E A D  ---------------

Current thread (0x000002ad7e613000):  JavaThread "C2 CompilerThread1" daemon [_thread_in_native, id=11032, stack(0x000000c5c0000000,0x000000c5c0100000)]

Stack: [0x000000c5c0000000,0x000000c5c0100000]
Native frames: (J=compiled Java code, j=interpreted, Vv=VM code, C=native code)
V  [jvm.dll+0x32e5b9]
V  [jvm.dll+0x275012]
V  [jvm.dll+0x275cbd]
V  [jvm.dll+0x26c6f5]
V  [jvm.dll+0xd51fc]
V  [jvm.dll+0xd59fc]
V  [jvm.dll+0x4523f2]
V  [jvm.dll+0x48d85d]
V  [jvm.dll+0x4423f1]
V  [jvm.dll+0x43f664]
V  [jvm.dll+0x42a5e7]
V  [jvm.dll+0xabe9b]
V  [jvm.dll+0xaa4fb]
V  [jvm.dll+0x23d6b2]
V  [jvm.dll+0x291cbc]
C  [ucrtbase.dll+0x21bb2]
C  [KERNEL32.DLL+0x17034]
C  [ntdll.dll+0x52651]


Current CompileTask:
C2:   2526 3493       4       org.springframework.core.annotation.TypeMappedAnnotations::get (52 bytes)


---------------  P R O C E S S  ---------------

Java Threads: ( => current thread )
  0x000002ad7efc9800 JavaThread "restartedMain" [_thread_in_vm, id=3548, stack(0x000000c5c0e00000,0x000000c5c0f00000)]
  0x000002ad7efd3000 JavaThread "Thread-0" [_thread_blocked, id=9572, stack(0x000000c5c0d00000,0x000000c5c0e00000)]
  0x000002ad7e710800 JavaThread "Service Thread" daemon [_thread_blocked, id=8412, stack(0x000000c5c0b00000,0x000000c5c0c00000)]
  0x000002ad7e624000 JavaThread "C1 CompilerThread11" daemon [_thread_blocked, id=9540, stack(0x000000c5c0a00000,0x000000c5c0b00000)]
  0x000002ad7e62b000 JavaThread "C1 CompilerThread10" daemon [_thread_blocked, id=10988, stack(0x000000c5c0900000,0x000000c5c0a00000)]
  0x000002ad7e625800 JavaThread "C1 CompilerThread9" daemon [_thread_blocked, id=14536, stack(0x000000c5c0800000,0x000000c5c0900000)]
  0x000002ad7e629800 JavaThread "C1 CompilerThread8" daemon [_thread_blocked, id=7600, stack(0x000000c5c0700000,0x000000c5c0800000)]
  0x000002ad7e628800 JavaThread "C2 CompilerThread7" daemon [_thread_blocked, id=9652, stack(0x000000c5c0600000,0x000000c5c0700000)]
  0x000002ad7e625000 JavaThread "C2 CompilerThread6" daemon [_thread_blocked, id=7812, stack(0x000000c5c0500000,0x000000c5c0600000)]
  0x000002ad7e62a000 JavaThread "C2 CompilerThread5" daemon [_thread_blocked, id=9920, stack(0x000000c5c0400000,0x000000c5c0500000)]
  0x000002ad7e4cd000 JavaThread "C2 CompilerThread4" daemon [_thread_in_native, id=12208, stack(0x000000c5c0300000,0x000000c5c0400000)]
  0x000002ad7e4be000 JavaThread "C2 CompilerThread3" daemon [_thread_blocked, id=8512, stack(0x000000c5c0200000,0x000000c5c0300000)]
  0x000002ad7e613800 JavaThread "C2 CompilerThread2" daemon [_thread_blocked, id=8304, stack(0x000000c5c0100000,0x000000c5c0200000)]
=>0x000002ad7e613000 JavaThread "C2 CompilerThread1" daemon [_thread_in_native, id=11032, stack(0x000000c5c0000000,0x000000c5c0100000)]
  0x000002ad7e612000 JavaThread "C2 CompilerThread0" daemon [_thread_in_native, id=7664, stack(0x000000c5bff00000,0x000000c5c0000000)]
  0x000002ad7e45f000 JavaThread "Monitor Ctrl-Break" daemon [_thread_in_native, id=10376, stack(0x000000c5bfe00000,0x000000c5bff00000)]
  0x000002ad7e113000 JavaThread "Attach Listener" daemon [_thread_blocked, id=14176, stack(0x000000c5bfd00000,0x000000c5bfe00000)]
  0x000002ad7e112800 JavaThread "Signal Dispatcher" daemon [_thread_blocked, id=10056, stack(0x000000c5bfc00000,0x000000c5bfd00000)]
  0x000002ad7b3fa800 JavaThread "Finalizer" daemon [_thread_blocked, id=6032, stack(0x000000c5bfb00000,0x000000c5bfc00000)]
  0x000002ad7e0f0800 JavaThread "Reference Handler" daemon [_thread_blocked, id=12384, stack(0x000000c5bfa00000,0x000000c5bfb00000)]
  0x000002ad650e7000 JavaThread "main" [_thread_blocked, id=12728, stack(0x000000c5beb00000,0x000000c5bec00000)]

Other Threads:
  0x000002ad7b3ec000 VMThread [stack: 0x000000c5bf900000,0x000000c5bfa00000] [id=1372]
  0x000002ad7e78c800 WatcherThread [stack: 0x000000c5c0c00000,0x000000c5c0d00000] [id=7508]

VM state:not at safepoint (normal execution)

VM Mutex/Monitor currently owned by a thread: None

heap address: 0x0000000081c00000, size: 2020 MB, Compressed Oops mode: 32-bit
Narrow klass base: 0x0000000000000000, Narrow klass shift: 3
Compressed class space size: 1073741824 Address: 0x0000000100000000

Heap:
 PSYoungGen      total 142336K, used 15438K [0x00000000d5f00000, 0x00000000df400000, 0x0000000100000000)
  eden space 133120K, 11% used [0x00000000d5f00000,0x00000000d6e13958,0x00000000de100000)
  from space 9216K, 0% used [0x00000000deb00000,0x00000000deb00000,0x00000000df400000)
  to   space 9728K, 0% used [0x00000000de100000,0x00000000de100000,0x00000000dea80000)
 ParOldGen       total 50176K, used 14195K [0x0000000081c00000, 0x0000000084d00000, 0x00000000d5f00000)
  object space 50176K, 28% used [0x0000000081c00000,0x00000000829dcda0,0x0000000084d00000)
 Metaspace       used 35058K, capacity 37206K, committed 37544K, reserved 1081344K
  class space    used 4570K, capacity 4963K, committed 5032K, reserved 1048576K

Card table byte_map: [0x000002ad75f30000,0x000002ad76330000] byte_map_base: 0x000002ad75b22000

Marking Bits: (ParMarkBitMap*) 0x00000000510a6ff0
 Begin Bits: [0x000002ad765e0000, 0x000002ad78570000)
 End Bits:   [0x000002ad78570000, 0x000002ad7a500000)

Polling page: 0x000002ad65360000

CodeCache: size=245760Kb used=14214Kb max_used=14241Kb free=231545Kb
 bounds [0x000002ad66b70000, 0x000002ad67970000, 0x000002ad75b70000]
 total_blobs=3927 nmethods=3513 adapters=324
 compilation: enabled

Compilation events (10 events):
Event: 2.463 Thread 0x000002ad7e628800 3514       4       java.lang.StringBuilder::append (8 bytes)
Event: 2.463 Thread 0x000002ad7e624000 nmethod 3512 0x000002ad6793af50 code [0x000002ad6793b580, 0x000002ad67940040]
Event: 2.463 Thread 0x000002ad7e625800 nmethod 3513 0x000002ad67935550 code [0x000002ad67935720, 0x000002ad67935ec0]
Event: 2.466 Thread 0x000002ad7e628800 nmethod 3514 0x000002ad67933690 code [0x000002ad67933800, 0x000002ad67933c48]
Event: 2.484 Thread 0x000002ad7e613800 nmethod 3488 0x000002ad67949490 code [0x000002ad67949800, 0x000002ad6794c430]
Event: 2.487 Thread 0x000002ad7e629800 3515   !   3       java.lang.ClassLoader::checkCerts (195 bytes)
Event: 2.488 Thread 0x000002ad7e629800 nmethod 3515 0x000002ad67947190 code [0x000002ad67947440, 0x000002ad67948b20]
Event: 2.492 Thread 0x000002ad7e62a000 3516       4       java.lang.String::regionMatches (149 bytes)
Event: 2.497 Thread 0x000002ad7e62a000 nmethod 3516 0x000002ad67943fd0 code [0x000002ad67944140, 0x000002ad67944998]
Event: 2.510 Thread 0x000002ad7e625000 nmethod 3487 0x000002ad67955c90 code [0x000002ad67956140, 0x000002ad6795a278]

GC Heap History (10 events):
Event: 1.081 GC heap before
{Heap before GC invocations=6 (full 0):
 PSYoungGen      total 71680K, used 42179K [0x00000000d5f00000, 0x00000000df500000, 0x0000000100000000)
  eden space 66560K, 55% used [0x00000000d5f00000,0x00000000d83335c0,0x00000000da000000)
  from space 5120K, 99% used [0x00000000da000000,0x00000000da4fd750,0x00000000da500000)
  to   space 10240K, 0% used [0x00000000deb00000,0x00000000deb00000,0x00000000df500000)
 ParOldGen       total 87552K, used 4713K [0x0000000081c00000, 0x0000000087180000, 0x00000000d5f00000)
  object space 87552K, 5% used [0x0000000081c00000,0x000000008209a410,0x0000000087180000)
 Metaspace       used 20234K, capacity 21172K, committed 21296K, reserved 1067008K
  class space    used 2639K, capacity 2845K, committed 2944K, reserved 1048576K
Event: 1.085 GC heap after
Heap after GC invocations=6 (full 0):
 PSYoungGen      total 142336K, used 6417K [0x00000000d5f00000, 0x00000000df400000, 0x0000000100000000)
  eden space 133120K, 0% used [0x00000000d5f00000,0x00000000d5f00000,0x00000000de100000)
  from space 9216K, 69% used [0x00000000deb00000,0x00000000df1447d8,0x00000000df400000)
  to   space 9728K, 0% used [0x00000000de100000,0x00000000de100000,0x00000000dea80000)
 ParOldGen       total 87552K, used 4713K [0x0000000081c00000, 0x0000000087180000, 0x00000000d5f00000)
  object space 87552K, 5% used [0x0000000081c00000,0x000000008209a410,0x0000000087180000)
 Metaspace       used 20234K, capacity 21172K, committed 21296K, reserved 1067008K
  class space    used 2639K, capacity 2845K, committed 2944K, reserved 1048576K
}
Event: 1.085 GC heap before
{Heap before GC invocations=7 (full 1):
 PSYoungGen      total 142336K, used 6417K [0x00000000d5f00000, 0x00000000df400000, 0x0000000100000000)
  eden space 133120K, 0% used [0x00000000d5f00000,0x00000000d5f00000,0x00000000de100000)
  from space 9216K, 69% used [0x00000000deb00000,0x00000000df1447d8,0x00000000df400000)
  to   space 9728K, 0% used [0x00000000de100000,0x00000000de100000,0x00000000dea80000)
 ParOldGen       total 87552K, used 4713K [0x0000000081c00000, 0x0000000087180000, 0x00000000d5f00000)
  object space 87552K, 5% used [0x0000000081c00000,0x000000008209a410,0x0000000087180000)
 Metaspace       used 20234K, capacity 21172K, committed 21296K, reserved 1067008K
  class space    used 2639K, capacity 2845K, committed 2944K, reserved 1048576K
Event: 1.103 GC heap after
Heap after GC invocations=7 (full 1):
 PSYoungGen      total 142336K, used 0K [0x00000000d5f00000, 0x00000000df400000, 0x0000000100000000)
  eden space 133120K, 0% used [0x00000000d5f00000,0x00000000d5f00000,0x00000000de100000)
  from space 9216K, 0% used [0x00000000deb00000,0x00000000deb00000,0x00000000df400000)
  to   space 9728K, 0% used [0x00000000de100000,0x00000000de100000,0x00000000dea80000)
 ParOldGen       total 50176K, used 6437K [0x0000000081c00000, 0x0000000084d00000, 0x00000000d5f00000)
  object space 50176K, 12% used [0x0000000081c00000,0x00000000822496c8,0x0000000084d00000)
 Metaspace       used 20234K, capacity 21172K, committed 21296K, reserved 1067008K
  class space    used 2639K, capacity 2845K, committed 2944K, reserved 1048576K
}
Event: 1.837 GC heap before
{Heap before GC invocations=8 (full 1):
 PSYoungGen      total 142336K, used 133120K [0x00000000d5f00000, 0x00000000df400000, 0x0000000100000000)
  eden space 133120K, 100% used [0x00000000d5f00000,0x00000000de100000,0x00000000de100000)
  from space 9216K, 0% used [0x00000000deb00000,0x00000000deb00000,0x00000000df400000)
  to   space 9728K, 0% used [0x00000000de100000,0x00000000de100000,0x00000000dea80000)
 ParOldGen       total 50176K, used 6437K [0x0000000081c00000, 0x0000000084d00000, 0x00000000d5f00000)
  object space 50176K, 12% used [0x0000000081c00000,0x00000000822496c8,0x0000000084d00000)
 Metaspace       used 28588K, capacity 30230K, committed 30592K, reserved 1075200K
  class space    used 3800K, capacity 4109K, committed 4224K, reserved 1048576K
Event: 1.845 GC heap after
Heap after GC invocations=8 (full 1):
 PSYoungGen      total 142848K, used 9726K [0x00000000d5f00000, 0x00000000df400000, 0x0000000100000000)
  eden space 133120K, 0% used [0x00000000d5f00000,0x00000000d5f00000,0x00000000de100000)
  from space 9728K, 99% used [0x00000000de100000,0x00000000dea7f930,0x00000000dea80000)
  to   space 9216K, 0% used [0x00000000deb00000,0x00000000deb00000,0x00000000df400000)
 ParOldGen       total 50176K, used 9434K [0x0000000081c00000, 0x0000000084d00000, 0x00000000d5f00000)
  object space 50176K, 18% used [0x0000000081c00000,0x00000000825369a8,0x0000000084d00000)
 Metaspace       used 28588K, capacity 30230K, committed 30592K, reserved 1075200K
  class space    used 3800K, capacity 4109K, committed 4224K, reserved 1048576K
}
Event: 2.384 GC heap before
{Heap before GC invocations=9 (full 1):
 PSYoungGen      total 142848K, used 131698K [0x00000000d5f00000, 0x00000000df400000, 0x0000000100000000)
  eden space 133120K, 91% used [0x00000000d5f00000,0x00000000dd61d1d8,0x00000000de100000)
  from space 9728K, 99% used [0x00000000de100000,0x00000000dea7f930,0x00000000dea80000)
  to   space 9216K, 0% used [0x00000000deb00000,0x00000000deb00000,0x00000000df400000)
 ParOldGen       total 50176K, used 9434K [0x0000000081c00000, 0x0000000084d00000, 0x00000000d5f00000)
  object space 50176K, 18% used [0x0000000081c00000,0x00000000825369a8,0x0000000084d00000)
 Metaspace       used 33370K, capacity 35458K, committed 35496K, reserved 1079296K
  class space    used 4386K, capacity 4765K, committed 4776K, reserved 1048576K
Event: 2.389 GC heap after
Heap after GC invocations=9 (full 1):
 PSYoungGen      total 142336K, used 9210K [0x00000000d5f00000, 0x00000000df400000, 0x0000000100000000)
  eden space 133120K, 0% used [0x00000000d5f00000,0x00000000d5f00000,0x00000000de100000)
  from space 9216K, 99% used [0x00000000deb00000,0x00000000df3fe900,0x00000000df400000)
  to   space 9728K, 0% used [0x00000000de100000,0x00000000de100000,0x00000000dea80000)
 ParOldGen       total 50176K, used 9617K [0x0000000081c00000, 0x0000000084d00000, 0x00000000d5f00000)
  object space 50176K, 19% used [0x0000000081c00000,0x0000000082564590,0x0000000084d00000)
 Metaspace       used 33370K, capacity 35458K, committed 35496K, reserved 1079296K
  class space    used 4386K, capacity 4765K, committed 4776K, reserved 1048576K
}
Event: 2.389 GC heap before
{Heap before GC invocations=10 (full 2):
 PSYoungGen      total 142336K, used 9210K [0x00000000d5f00000, 0x00000000df400000, 0x0000000100000000)
  eden space 133120K, 0% used [0x00000000d5f00000,0x00000000d5f00000,0x00000000de100000)
  from space 9216K, 99% used [0x00000000deb00000,0x00000000df3fe900,0x00000000df400000)
  to   space 9728K, 0% used [0x00000000de100000,0x00000000de100000,0x00000000dea80000)
 ParOldGen       total 50176K, used 9617K [0x0000000081c00000, 0x0000000084d00000, 0x00000000d5f00000)
  object space 50176K, 19% used [0x0000000081c00000,0x0000000082564590,0x0000000084d00000)
 Metaspace       used 33370K, capacity 35458K, committed 35496K, reserved 1079296K
  class space    used 4386K, capacity 4765K, committed 4776K, reserved 1048576K
Event: 2.416 GC heap after
Heap after GC invocations=10 (full 2):
 PSYoungGen      total 142336K, used 0K [0x00000000d5f00000, 0x00000000df400000, 0x0000000100000000)
  eden space 133120K, 0% used [0x00000000d5f00000,0x00000000d5f00000,0x00000000de100000)
  from space 9216K, 0% used [0x00000000deb00000,0x00000000deb00000,0x00000000df400000)
  to   space 9728K, 0% used [0x00000000de100000,0x00000000de100000,0x00000000dea80000)
 ParOldGen       total 50176K, used 14195K [0x0000000081c00000, 0x0000000084d00000, 0x00000000d5f00000)
  object space 50176K, 28% used [0x0000000081c00000,0x00000000829dcda0,0x0000000084d00000)
 Metaspace       used 33370K, capacity 35458K, committed 35496K, reserved 1079296K
  class space    used 4386K, capacity 4765K, committed 4776K, reserved 1048576K
}

Deoptimization events (10 events):
Event: 2.239 Thread 0x000002ad7efc9800 Uncommon trap: reason=unstable_if action=reinterpret pc=0x000002ad670545fc method=java.lang.CharacterDataLatin1.isWhitespace(I)Z @ 14
Event: 2.299 Thread 0x000002ad7efc9800 Uncommon trap: reason=unstable_if action=reinterpret pc=0x000002ad67770980 method=java.io.WinNTFileSystem.resolve(Ljava/lang/String;Ljava/lang/String;)Ljava/lang/String; @ 19
Event: 2.304 Thread 0x000002ad7efc9800 Uncommon trap: reason=class_check action=maybe_recompile pc=0x000002ad672d3b0c method=java.util.zip.InflaterInputStream.read([BII)I @ 100
Event: 2.304 Thread 0x000002ad7efc9800 Uncommon trap: reason=class_check action=maybe_recompile pc=0x000002ad672d3b0c method=java.util.zip.InflaterInputStream.read([BII)I @ 100
Event: 2.304 Thread 0x000002ad7efc9800 Uncommon trap: reason=class_check action=maybe_recompile pc=0x000002ad672d3b0c method=java.util.zip.InflaterInputStream.read([BII)I @ 100
Event: 2.304 Thread 0x000002ad7efc9800 Uncommon trap: reason=class_check action=maybe_recompile pc=0x000002ad672d3b0c method=java.util.zip.InflaterInputStream.read([BII)I @ 100
Event: 2.340 Thread 0x000002ad7efc9800 Uncommon trap: reason=unstable_if action=reinterpret pc=0x000002ad678babf4 method=java.lang.StringCoding.decode(Ljava/lang/String;[BII)[C @ 38
Event: 2.421 Thread 0x000002ad7efc9800 Uncommon trap: reason=unstable_if action=reinterpret pc=0x000002ad66fec1bc method=java.lang.AbstractStringBuilder.append(Ljava/lang/String;)Ljava/lang/AbstractStringBuilder; @ 1
Event: 2.460 Thread 0x000002ad7efc9800 Uncommon trap: reason=unstable_if action=reinterpret pc=0x000002ad6700677c method=sun.nio.cs.UTF_8$Decoder.decode([BII[C)I @ 30
Event: 2.491 Thread 0x000002ad7efc9800 Uncommon trap: reason=predicate action=maybe_recompile pc=0x000002ad671b23c4 method=java.lang.String.regionMatches(ZILjava/lang/String;II)Z @ 63

Classes redefined (0 events):
No events

Internal exceptions (10 events):
Event: 1.795 Thread 0x000002ad7efc9800 Exception <a 'java/lang/ClassNotFoundException': org/springframework/transaction/annotation/ProxyTransactionManagementConfigurationCustomizer> (0x00000000ddbe69a8) thrown at [C:\jenkins\workspace\8-2-build-windows-amd64-cygwin\jdk8u281\880\hotspot\src\sha
Event: 1.795 Thread 0x000002ad7efc9800 Exception <a 'java/lang/ClassNotFoundException': org/springframework/context/annotation/ImportAwareCustomizer> (0x00000000ddc02e08) thrown at [C:\jenkins\workspace\8-2-build-windows-amd64-cygwin\jdk8u281\880\hotspot\src\share\vm\classfile\systemDictionary
Event: 1.796 Thread 0x000002ad7efc9800 Exception <a 'java/lang/ClassNotFoundException': org/springframework/beans/factory/AwareCustomizer> (0x00000000ddc187f0) thrown at [C:\jenkins\workspace\8-2-build-windows-amd64-cygwin\jdk8u281\880\hotspot\src\share\vm\classfile\systemDictionary.cpp, line 
Event: 1.796 Thread 0x000002ad7efc9800 Implicit null exception at 0x000002ad675a320c to 0x000002ad675a338d
Event: 1.828 Thread 0x000002ad7efc9800 Exception <a 'java/lang/NoSuchMethodError': java.lang.Object.lambda$map$1(Ljava/util/function/Function;)Ljava/util/stream/Stream;> (0x00000000de006ce8) thrown at [C:\jenkins\workspace\8-2-build-windows-amd64-cygwin\jdk8u281\880\hotspot\src\share\vm\interp
Event: 1.887 Thread 0x000002ad7efc9800 Implicit null exception at 0x000002ad675f77f3 to 0x000002ad675f7939
Event: 1.916 Thread 0x000002ad7efc9800 Exception <a 'java/lang/IncompatibleClassChangeError': Found class java.lang.Object, but interface was expected> (0x00000000d67a0900) thrown at [C:\jenkins\workspace\8-2-build-windows-amd64-cygwin\jdk8u281\880\hotspot\src\share\vm\interpreter\linkResolver
Event: 2.354 Thread 0x000002ad7efc9800 Exception <a 'java/io/FileNotFoundException'> (0x00000000dd245a38) thrown at [C:\jenkins\workspace\8-2-build-windows-amd64-cygwin\jdk8u281\880\hotspot\src\share\vm\prims\jni.cpp, line 710]
Event: 2.383 Thread 0x000002ad7efc9800 Exception <a 'java/lang/NoSuchMethodError': java.lang.Object.lambda$static$0(Ljava/lang/Object;)Ljava/lang/Object;> (0x00000000dd5a8908) thrown at [C:\jenkins\workspace\8-2-build-windows-amd64-cygwin\jdk8u281\880\hotspot\src\share\vm\interpreter\linkResol
Event: 2.421 Thread 0x000002ad7efc9800 Implicit null exception at 0x000002ad66febe16 to 0x000002ad66fec1a5

Events (10 events):
Event: 2.512 loading class java/util/concurrent/atomic/AtomicReferenceArray
Event: 2.512 loading class java/util/concurrent/atomic/AtomicReferenceArray done
Event: 2.512 loading class org/h2/message/Trace
Event: 2.512 loading class org/h2/message/Trace done
Event: 2.513 loading class org/h2/mvstore/db/MVTableEngine
Event: 2.513 loading class org/h2/mvstore/db/MVTableEngine done
Event: 2.513 loading class org/h2/api/TableEngine
Event: 2.513 loading class org/h2/api/TableEngine done
Event: 2.513 loading class org/h2/table/Table
Event: 2.513 loading class org/h2/table/Table done


Dynamic libraries:
0x00007ff6f06a0000 - 0x00007ff6f06e7000 	C:\Program Files\Java\jdk1.8.0_281\bin\java.exe
0x00007fff5c070000 - 0x00007fff5c265000 	C:\Windows\SYSTEM32\ntdll.dll
0x00007fff5a940000 - 0x00007fff5a9fd000 	C:\Windows\System32\KERNEL32.DLL
0x00007fff59c30000 - 0x00007fff59ef8000 	C:\Windows\System32\KERNELBASE.dll
0x00007fff5a530000 - 0x00007fff5a5dc000 	C:\Windows\System32\ADVAPI32.dll
0x00007fff5a490000 - 0x00007fff5a52e000 	C:\Windows\System32\msvcrt.dll
0x00007fff5bce0000 - 0x00007fff5bd7b000 	C:\Windows\System32\sechost.dll
0x00007fff5b660000 - 0x00007fff5b78b000 	C:\Windows\System32\RPCRT4.dll
0x00007fff5acf0000 - 0x00007fff5ae90000 	C:\Windows\System32\USER32.dll
0x00007fff59ff0000 - 0x00007fff5a012000 	C:\Windows\System32\win32u.dll
0x00007fff5a190000 - 0x00007fff5a1ba000 	C:\Windows\System32\GDI32.dll
0x00007fff59930000 - 0x00007fff59a3b000 	C:\Windows\System32\gdi32full.dll
0x00007fff59f50000 - 0x00007fff59fed000 	C:\Windows\System32\msvcp_win.dll
0x00007fff597b0000 - 0x00007fff598b0000 	C:\Windows\System32\ucrtbase.dll
0x00007fff43f90000 - 0x00007fff4422a000 	C:\Windows\WinSxS\amd64_microsoft.windows.common-controls_6595b64144ccf1df_6.0.19041.844_none_ca00b6081b84eb1d\COMCTL32.dll
0x00007fff5b790000 - 0x00007fff5b7c0000 	C:\Windows\System32\IMM32.DLL
0x00007fff56440000 - 0x00007fff56455000 	C:\Program Files\Java\jdk1.8.0_281\jre\bin\vcruntime140.dll
0x00007fff3f650000 - 0x00007fff3f6eb000 	C:\Program Files\Java\jdk1.8.0_281\jre\bin\msvcp140.dll
0x00000000508c0000 - 0x000000005111f000 	C:\Program Files\Java\jdk1.8.0_281\jre\bin\server\jvm.dll
0x00007fff5aa80000 - 0x00007fff5aa88000 	C:\Windows\System32\PSAPI.DLL
0x00007fff3de60000 - 0x00007fff3de69000 	C:\Windows\SYSTEM32\WSOCK32.dll
0x00007fff4e420000 - 0x00007fff4e447000 	C:\Windows\SYSTEM32\WINMM.dll
0x00007fff4e410000 - 0x00007fff4e41a000 	C:\Windows\SYSTEM32\VERSION.dll
0x00007fff5ac80000 - 0x00007fff5aceb000 	C:\Windows\System32\WS2_32.dll
0x00007fff576d0000 - 0x00007fff576e2000 	C:\Windows\SYSTEM32\kernel.appcore.dll
0x00007fff56470000 - 0x00007fff56480000 	C:\Program Files\Java\jdk1.8.0_281\jre\bin\verify.dll
0x00007fff52b00000 - 0x00007fff52b2b000 	C:\Program Files\Java\jdk1.8.0_281\jre\bin\java.dll
0x00007fff4daa0000 - 0x00007fff4dad0000 	C:\Program Files\Java\jdk1.8.0_281\jre\bin\instrument.dll
0x00007fff51f00000 - 0x00007fff51f18000 	C:\Program Files\Java\jdk1.8.0_281\jre\bin\zip.dll
0x00007fff5af10000 - 0x00007fff5b652000 	C:\Windows\System32\SHELL32.dll
0x00007fff578d0000 - 0x00007fff58061000 	C:\Windows\SYSTEM32\windows.storage.dll
0x00007fff5a5e0000 - 0x00007fff5a935000 	C:\Windows\System32\combase.dll
0x00007fff59150000 - 0x00007fff5917c000 	C:\Windows\SYSTEM32\Wldp.dll
0x00007fff5b7c0000 - 0x00007fff5b86e000 	C:\Windows\System32\SHCORE.dll
0x00007fff5ab40000 - 0x00007fff5ab95000 	C:\Windows\System32\shlwapi.dll
0x00007fff596f0000 - 0x00007fff5970f000 	C:\Windows\SYSTEM32\profapi.dll
0x00007fff4ccf0000 - 0x00007fff4cd0a000 	C:\Program Files\JetBrains\IntelliJ IDEA Community Edition 2020.3.3\bin\breakgen64.dll
0x00007fff51ee0000 - 0x00007fff51efc000 	C:\Program Files\Java\jdk1.8.0_281\jre\bin\net.dll
0x00007fff58f30000 - 0x00007fff58f9a000 	C:\Windows\system32\mswsock.dll
0x00007fff54840000 - 0x00007fff5484d000 	C:\Program Files\Java\jdk1.8.0_281\jre\bin\management.dll
0x00007fff2dbe0000 - 0x00007fff2dbf7000 	C:\Windows\system32\napinsp.dll
0x00007fff2cca0000 - 0x00007fff2ccbb000 	C:\Windows\system32\pnrpnsp.dll
0x00007fff54910000 - 0x00007fff54925000 	C:\Windows\system32\wshbth.dll
0x00007fff55720000 - 0x00007fff5573d000 	C:\Windows\system32\NLAapi.dll
0x00007fff58bf0000 - 0x00007fff58c2b000 	C:\Windows\SYSTEM32\IPHLPAPI.DLL
0x00007fff58c40000 - 0x00007fff58d0c000 	C:\Windows\SYSTEM32\DNSAPI.dll
0x00007fff5c020000 - 0x00007fff5c028000 	C:\Windows\System32\NSI.dll
0x00007fff2a1b0000 - 0x00007fff2a1c2000 	C:\Windows\System32\winrnr.dll
0x00007fff4c3f0000 - 0x00007fff4c3fa000 	C:\Windows\System32\rasadhlp.dll
0x00007fff518c0000 - 0x00007fff5193f000 	C:\Windows\System32\fwpuclnt.dll
0x00007fff59a40000 - 0x00007fff59a67000 	C:\Windows\System32\bcrypt.dll
0x00007fff51bc0000 - 0x00007fff51bd3000 	C:\Program Files\Java\jdk1.8.0_281\jre\bin\nio.dll
0x00007fff59480000 - 0x00007fff59498000 	C:\Windows\SYSTEM32\CRYPTSP.dll
0x00007fff58880000 - 0x00007fff588b4000 	C:\Windows\system32\rsaenh.dll
0x00007fff59670000 - 0x00007fff5969e000 	C:\Windows\SYSTEM32\USERENV.dll
0x00007fff598b0000 - 0x00007fff59930000 	C:\Windows\System32\bcryptprimitives.dll
0x00007fff590b0000 - 0x00007fff590bc000 	C:\Windows\SYSTEM32\CRYPTBASE.dll
0x00007fff532a0000 - 0x00007fff532b7000 	C:\Windows\SYSTEM32\dhcpcsvc6.DLL
0x00007fff52880000 - 0x00007fff5289d000 	C:\Windows\SYSTEM32\dhcpcsvc.DLL
0x00007fff50100000 - 0x00007fff502e4000 	C:\Windows\SYSTEM32\dbghelp.dll

VM Arguments:
jvm_args: -javaagent:C:\Program Files\JetBrains\IntelliJ IDEA Community Edition 2020.3.3\lib\idea_rt.jar=63393:C:\Program Files\JetBrains\IntelliJ IDEA Community Edition 2020.3.3\bin -Dfile.encoding=UTF-8 
java_command: com.utn.Parcial.ParcialAceboCanalApplication
java_class_path (initial): C:\Program Files\Java\jdk1.8.0_281\jre\lib\charsets.jar;C:\Program Files\Java\jdk1.8.0_281\jre\lib\deploy.jar;C:\Program Files\Java\jdk1.8.0_281\jre\lib\ext\access-bridge-64.jar;C:\Program Files\Java\jdk1.8.0_281\jre\lib\ext\cldrdata.jar;C:\Program Files\Java\jdk1.8.0_281\jre\lib\ext\dnsns.jar;C:\Program Files\Java\jdk1.8.0_281\jre\lib\ext\jaccess.jar;C:\Program Files\Java\jdk1.8.0_281\jre\lib\ext\jfxrt.jar;C:\Program Files\Java\jdk1.8.0_281\jre\lib\ext\localedata.jar;C:\Program Files\Java\jdk1.8.0_281\jre\lib\ext\nashorn.jar;C:\Program Files\Java\jdk1.8.0_281\jre\lib\ext\sunec.jar;C:\Program Files\Java\jdk1.8.0_281\jre\lib\ext\sunjce_provider.jar;C:\Program Files\Java\jdk1.8.0_281\jre\lib\ext\sunmscapi.jar;C:\Program Files\Java\jdk1.8.0_281\jre\lib\ext\sunpkcs11.jar;C:\Program Files\Java\jdk1.8.0_281\jre\lib\ext\zipfs.jar;C:\Program Files\Java\jdk1.8.0_281\jre\lib\javaws.jar;C:\Program Files\Java\jdk1.8.0_281\jre\lib\jce.jar;C:\Program Files\Java\jdk1.8.0_281\jre\lib\jfr.jar;C:\Program Files\Java\jdk1.8.0_281\jre\lib\jfxswt.jar;C:\Program Files\Java\jdk1.8.0_281\jre\lib\jsse.jar;C:\Program Files\Java\jdk1.8.0_281\jre\lib\management-agent.jar;C:\Program Files\Java\jdk1.8.0_281\jre\lib\plugin.jar;C:\Program Files\Java\jdk1.8.0_281\jre\lib\resources.jar;C:\Program Files\Java\jdk1.8.0_281\jre\lib\rt.jar;C:\Users\franc\Desktop\ParcialFrancoAceboCanal\target\classes;C:\Users\franc\.m2\repository\org\springframework\boot\spring-boot-starter-data-jpa\2.4.4\spring-boot-starter-data-jpa-2.4.4.jar;C:\Users\franc\.m2\repository\org\springframework\boot\spring-boot-starter-aop\2.4.4\spring-boot-starter-aop-2.4.4.jar;C:\Users\franc\.m2\repository\org\springframework\spring-aop\5.3.5\spring-aop-5.3.5.jar;C:\Users\franc\.m2\repository\org\aspectj\aspectjweaver\1.9.6\aspectjweaver-1.9.6.jar;C:\Users\franc\.m2\repository\org\springframework\boot\spring-boot-starter-jdbc\2.4.4\spring-boot-starter-jdbc-2.4.4.jar;C:\Users\franc\.m2\repository\com\zaxxer\Hik
Launcher Type: SUN_STANDARD

Environment Variables:
JAVA_HOME=C:\Program Files\Java\jdk1.8.0_281
PATH=C:\Program Files (x86)\Common Files\Oracle\Java\javapath;C:\Windows\system32;C:\Windows;C:\Windows\System32\Wbem;C:\Windows\System32\WindowsPowerShell\v1.0\;C:\Windows\System32\OpenSSH\;C:\Program Files\nodejs\;C:\Program Files\Java\jdk1.8.0_281\bin;C:\Program Files\apache-maven-3.6.3-bin\apache-maven-3.6.3\bin;C:\Program Files\Git\cmd;C:\Users\franc\AppData\Local\Microsoft\WindowsApps;C:\Users\franc\AppData\Roaming\npm;C:\Users\franc\AppData\Local\Programs\Microsoft VS Code\bin;C:\Users\franc\AppData\Local\GitHubDesktop\bin
USERNAME=Franco
OS=Windows_NT
PROCESSOR_IDENTIFIER=AMD64 Family 23 Model 113 Stepping 0, AuthenticAMD



---------------  S Y S T E M  ---------------

OS: Windows 10.0 , 64 bit Build 19041 (10.0.19041.804)

CPU:total 16 (initial active 16) (16 cores per cpu, 1 threads per core) family 23 model 113 stepping 0, cmov, cx8, fxsr, mmx, sse, sse2, sse3, ssse3, sse4.1, sse4.2, popcnt, avx, avx2, aes, clmul, mmxext, 3dnowpref, lzcnt, sse4a, tsc, tscinvbit, tscinv, bmi1

Memory: 4k page, physical 8273156k(233784k free), swap 33438980k(8212k free)

vm_info: Java HotSpot(TM) 64-Bit Server VM (25.281-b09) for windows-amd64 JRE (1.8.0_281-b09), built on Dec  9 2020 13:54:07 by "" with MS VC++ 15.9 (VS2017)

time: Wed Apr 14 20:02:50 2021
timezone: Hora estándar de Argentina
elapsed time: 2.529489 seconds (0d 0h 0m 2s)

