#
# There is insufficient memory for the Java Runtime Environment to continue.
# Native memory allocation (malloc) failed to allocate 174896 bytes for Chunk::new
# Possible reasons:
#   The system is out of physical RAM or swap space
#   The process is running with CompressedOops enabled, and the Java Heap may be blocking the growth of the native heap
# Possible solutions:
#   Reduce memory load on the system
#   Increase physical memory or swap space
#   Check if swap backing store is full
#   Decrease Java heap size (-Xmx/-Xms)
#   Decrease number of Java threads
#   Decrease Java thread stack sizes (-Xss)
#   Set larger code cache with -XX:ReservedCodeCacheSize=
#   JVM is running with Unscaled Compressed Oops mode in which the Java heap is
#     placed in the first 4GB address space. The Java Heap base address is the
#     maximum limit for the native heap growth. Please use -XX:HeapBaseMinAddress
#     to set the Java Heap base and to place the Java Heap above 4GB virtual address.
# This output file may be truncated or incomplete.
#
#  Out of Memory Error (allocation.cpp:389), pid=15224, tid=0x000000000000145c
#
# JRE version: Java(TM) SE Runtime Environment (8.0_281-b09) (build 1.8.0_281-b09)
# Java VM: Java HotSpot(TM) 64-Bit Server VM (25.281-b09 mixed mode windows-amd64 compressed oops)
# Failed to write core dump. Minidumps are not enabled by default on client versions of Windows
#

---------------  T H R E A D  ---------------

Current thread (0x0000025403407800):  JavaThread "C2 CompilerThread2" daemon [_thread_in_native, id=5212, stack(0x000000ee00800000,0x000000ee00900000)]

Stack: [0x000000ee00800000,0x000000ee00900000]
Native frames: (J=compiled Java code, j=interpreted, Vv=VM code, C=native code)
V  [jvm.dll+0x32e5b9]


Current CompileTask:
C2:    468  796       4       sun.misc.URLClassPath::getResource (83 bytes)


---------------  P R O C E S S  ---------------

Java Threads: ( => current thread )
  0x0000025402f5d800 JavaThread "restartedMain" [_thread_in_Java, id=2820, stack(0x000000ee01500000,0x000000ee01600000)]
  0x0000025403b5a800 JavaThread "Thread-0" [_thread_blocked, id=15312, stack(0x000000ee01400000,0x000000ee01500000)]
  0x00000254034df800 JavaThread "Service Thread" daemon [_thread_blocked, id=1120, stack(0x000000ee01200000,0x000000ee01300000)]
  0x000002540342b000 JavaThread "C1 CompilerThread11" daemon [_thread_in_vm, id=4920, stack(0x000000ee01100000,0x000000ee01200000)]
  0x0000025403426000 JavaThread "C1 CompilerThread10" daemon [_thread_in_native, id=12748, stack(0x000000ee01000000,0x000000ee01100000)]
  0x0000025403428000 JavaThread "C1 CompilerThread9" daemon [_thread_blocked, id=12188, stack(0x000000ee00f00000,0x000000ee01000000)]
  0x0000025403427800 JavaThread "C1 CompilerThread8" daemon [_thread_in_native, id=10520, stack(0x000000ee00e00000,0x000000ee00f00000)]
  0x0000025403425000 JavaThread "C2 CompilerThread7" daemon [_thread_blocked, id=4112, stack(0x000000ee00d00000,0x000000ee00e00000)]
  0x0000025403429000 JavaThread "C2 CompilerThread6" daemon [_thread_blocked, id=14848, stack(0x000000ee00c00000,0x000000ee00d00000)]
  0x0000025403426800 JavaThread "C2 CompilerThread5" daemon [_thread_blocked, id=1996, stack(0x000000ee00b00000,0x000000ee00c00000)]
  0x00000254032b9800 JavaThread "C2 CompilerThread4" daemon [_thread_in_native, id=7800, stack(0x000000ee00a00000,0x000000ee00b00000)]
  0x000002540340a000 JavaThread "C2 CompilerThread3" daemon [_thread_blocked, id=876, stack(0x000000ee00900000,0x000000ee00a00000)]
=>0x0000025403407800 JavaThread "C2 CompilerThread2" daemon [_thread_in_native, id=5212, stack(0x000000ee00800000,0x000000ee00900000)]
  0x0000025403406800 JavaThread "C2 CompilerThread1" daemon [_thread_blocked, id=3552, stack(0x000000ee00700000,0x000000ee00800000)]
  0x0000025403405000 JavaThread "C2 CompilerThread0" daemon [_thread_in_native, id=4792, stack(0x000000ee00600000,0x000000ee00700000)]
  0x0000025403403800 JavaThread "Monitor Ctrl-Break" daemon [_thread_in_native, id=14576, stack(0x000000ee00500000,0x000000ee00600000)]
  0x0000025402f05800 JavaThread "Attach Listener" daemon [_thread_blocked, id=752, stack(0x000000ee00400000,0x000000ee00500000)]
  0x0000025402f03000 JavaThread "Signal Dispatcher" daemon [_thread_blocked, id=9672, stack(0x000000ee00300000,0x000000ee00400000)]
  0x0000025402ee1000 JavaThread "Finalizer" daemon [_thread_blocked, id=4300, stack(0x000000ee00200000,0x000000ee00300000)]
  0x0000025402ee0800 JavaThread "Reference Handler" daemon [_thread_blocked, id=11372, stack(0x000000ee00100000,0x000000ee00200000)]
  0x0000025469e55800 JavaThread "main" [_thread_blocked, id=9700, stack(0x000000ee7f200000,0x000000ee7f300000)]

Other Threads:
  0x00000254001e8000 VMThread [stack: 0x000000ee00000000,0x000000ee00100000] [id=10584]
  0x00000254034e3000 WatcherThread [stack: 0x000000ee01300000,0x000000ee01400000] [id=6684]

VM state:not at safepoint (normal execution)

VM Mutex/Monitor currently owned by a thread: None

heap address: 0x0000000081c00000, size: 2020 MB, Compressed Oops mode: 32-bit
Narrow klass base: 0x0000000000000000, Narrow klass shift: 3
Compressed class space size: 1073741824 Address: 0x0000000100000000

Heap:
 PSYoungGen      total 38400K, used 14658K [0x00000000d5f00000, 0x00000000d8980000, 0x0000000100000000)
  eden space 33280K, 36% used [0x00000000d5f00000,0x00000000d6aee660,0x00000000d7f80000)
  from space 5120K, 47% used [0x00000000d8480000,0x00000000d86e2200,0x00000000d8980000)
  to   space 5120K, 0% used [0x00000000d7f80000,0x00000000d7f80000,0x00000000d8480000)
 ParOldGen       total 87552K, used 24K [0x0000000081c00000, 0x0000000087180000, 0x00000000d5f00000)
  object space 87552K, 0% used [0x0000000081c00000,0x0000000081c06000,0x0000000087180000)
 Metaspace       used 8564K, capacity 8850K, committed 9088K, reserved 1056768K
  class space    used 992K, capacity 1096K, committed 1152K, reserved 1048576K

Card table byte_map: [0x000002547ac00000,0x000002547b000000] byte_map_base: 0x000002547a7f2000

Marking Bits: (ParMarkBitMap*) 0x00000000510a6ff0
 Begin Bits: [0x000002547b2b0000, 0x000002547d240000)
 End Bits:   [0x000002547d240000, 0x000002547f1d0000)

Polling page: 0x000002546b810000

CodeCache: size=245760Kb used=4942Kb max_used=4955Kb free=240817Kb
 bounds [0x000002546b840000, 0x000002546bd20000, 0x000002547a840000]
 total_blobs=1121 nmethods=812 adapters=219
 compilation: enabled

Compilation events (10 events):
Event: 0.457 Thread 0x0000025403427800 nmethod 791 0x000002546bd06750 code [0x000002546bd068c0, 0x000002546bd06bf8]
Event: 0.458 Thread 0x0000025403425000 nmethod 794 0x000002546bd05010 code [0x000002546bd05140, 0x000002546bd051d8]
Event: 0.461 Thread 0x0000025403405000  795       4       sun.net.www.ParseUtil::encodePath (336 bytes)
Event: 0.461 Thread 0x0000025403407800  796       4       sun.misc.URLClassPath::getResource (83 bytes)
Event: 0.462 Thread 0x000002540342b000  797       3       java.lang.Integer::<init> (10 bytes)
Event: 0.462 Thread 0x000002540342b000 nmethod 797 0x000002546bd04b90 code [0x000002546bd04d00, 0x000002546bd04f18]
Event: 0.466 Thread 0x0000025403426000  798       3       java.lang.String::indexOf (166 bytes)
Event: 0.466 Thread 0x0000025403426000 nmethod 798 0x000002546bd05b90 code [0x000002546bd05d40, 0x000002546bd06398]
Event: 0.467 Thread 0x0000025403428000  799       3       java.lang.ClassLoader::preDefineClass (109 bytes)
Event: 0.467 Thread 0x0000025403427800  800       3       java.lang.ClassLoader::defineClassSourceLocation (28 bytes)

GC Heap History (4 events):
Event: 0.415 GC heap before
{Heap before GC invocations=1 (full 0):
 PSYoungGen      total 38400K, used 33280K [0x00000000d5f00000, 0x00000000d8980000, 0x0000000100000000)
  eden space 33280K, 100% used [0x00000000d5f00000,0x00000000d7f80000,0x00000000d7f80000)
  from space 5120K, 0% used [0x00000000d8480000,0x00000000d8480000,0x00000000d8980000)
  to   space 5120K, 0% used [0x00000000d7f80000,0x00000000d7f80000,0x00000000d8480000)
 ParOldGen       total 87552K, used 0K [0x0000000081c00000, 0x0000000087180000, 0x00000000d5f00000)
  object space 87552K, 0% used [0x0000000081c00000,0x0000000081c00000,0x0000000087180000)
 Metaspace       used 8041K, capacity 8336K, committed 8448K, reserved 1056768K
  class space    used 922K, capacity 992K, committed 1024K, reserved 1048576K
Event: 0.419 GC heap after
Heap after GC invocations=1 (full 0):
 PSYoungGen      total 38400K, used 4474K [0x00000000d5f00000, 0x00000000d8980000, 0x0000000100000000)
  eden space 33280K, 0% used [0x00000000d5f00000,0x00000000d5f00000,0x00000000d7f80000)
  from space 5120K, 87% used [0x00000000d7f80000,0x00000000d83de958,0x00000000d8480000)
  to   space 5120K, 0% used [0x00000000d8480000,0x00000000d8480000,0x00000000d8980000)
 ParOldGen       total 87552K, used 16K [0x0000000081c00000, 0x0000000087180000, 0x00000000d5f00000)
  object space 87552K, 0% used [0x0000000081c00000,0x0000000081c04000,0x0000000087180000)
 Metaspace       used 8041K, capacity 8336K, committed 8448K, reserved 1056768K
  class space    used 922K, capacity 992K, committed 1024K, reserved 1048576K
}
Event: 0.425 GC heap before
{Heap before GC invocations=2 (full 0):
 PSYoungGen      total 38400K, used 37754K [0x00000000d5f00000, 0x00000000d8980000, 0x0000000100000000)
  eden space 33280K, 100% used [0x00000000d5f00000,0x00000000d7f80000,0x00000000d7f80000)
  from space 5120K, 87% used [0x00000000d7f80000,0x00000000d83de958,0x00000000d8480000)
  to   space 5120K, 0% used [0x00000000d8480000,0x00000000d8480000,0x00000000d8980000)
 ParOldGen       total 87552K, used 16K [0x0000000081c00000, 0x0000000087180000, 0x00000000d5f00000)
  object space 87552K, 0% used [0x0000000081c00000,0x0000000081c04000,0x0000000087180000)
 Metaspace       used 8049K, capacity 8336K, committed 8448K, reserved 1056768K
  class space    used 922K, capacity 992K, committed 1024K, reserved 1048576K
Event: 0.427 GC heap after
Heap after GC invocations=2 (full 0):
 PSYoungGen      total 38400K, used 2440K [0x00000000d5f00000, 0x00000000d8980000, 0x0000000100000000)
  eden space 33280K, 0% used [0x00000000d5f00000,0x00000000d5f00000,0x00000000d7f80000)
  from space 5120K, 47% used [0x00000000d8480000,0x00000000d86e2200,0x00000000d8980000)
  to   space 5120K, 0% used [0x00000000d7f80000,0x00000000d7f80000,0x00000000d8480000)
 ParOldGen       total 87552K, used 24K [0x0000000081c00000, 0x0000000087180000, 0x00000000d5f00000)
  object space 87552K, 0% used [0x0000000081c00000,0x0000000081c06000,0x0000000087180000)
 Metaspace       used 8049K, capacity 8336K, committed 8448K, reserved 1056768K
  class space    used 922K, capacity 992K, committed 1024K, reserved 1048576K
}

Deoptimization events (4 events):
Event: 0.204 Thread 0x0000025469e55800 Uncommon trap: reason=unstable_if action=reinterpret pc=0x000002546bb78bc8 method=sun.misc.MetaIndex.mayContain(Ljava/lang/String;)Z @ 13
Event: 0.395 Thread 0x0000025469e55800 Uncommon trap: reason=range_check action=make_not_entrant pc=0x000002546bcdbe60 method=sun.reflect.generics.parser.SignatureParser.current()C @ 34
Event: 0.445 Thread 0x0000025402f5d800 Uncommon trap: reason=class_check action=maybe_recompile pc=0x000002546bb74bd0 method=sun.misc.URLClassPath.getLoader(I)Lsun/misc/URLClassPath$Loader; @ 94
Event: 0.465 Thread 0x0000025402f5d800 Uncommon trap: reason=unstable_if action=reinterpret pc=0x000002546bbb42f4 method=java.lang.String.indexOf([CII[CIII)I @ 3

Classes redefined (0 events):
No events

Internal exceptions (10 events):
Event: 0.394 Thread 0x0000025469e55800 Exception <a 'java/lang/ArrayIndexOutOfBoundsException'> (0x00000000d7acff10) thrown at [C:\jenkins\workspace\8-2-build-windows-amd64-cygwin\jdk8u281\880\hotspot\src\share\vm\runtime\sharedRuntime.cpp, line 609]
Event: 0.394 Thread 0x0000025469e55800 Exception <a 'java/lang/ArrayIndexOutOfBoundsException'> (0x00000000d7ad1ab8) thrown at [C:\jenkins\workspace\8-2-build-windows-amd64-cygwin\jdk8u281\880\hotspot\src\share\vm\runtime\sharedRuntime.cpp, line 609]
Event: 0.394 Thread 0x0000025469e55800 Exception <a 'java/lang/ArrayIndexOutOfBoundsException'> (0x00000000d7ad37b8) thrown at [C:\jenkins\workspace\8-2-build-windows-amd64-cygwin\jdk8u281\880\hotspot\src\share\vm\runtime\sharedRuntime.cpp, line 609]
Event: 0.394 Thread 0x0000025469e55800 Exception <a 'java/lang/ArrayIndexOutOfBoundsException'> (0x00000000d7ad5f58) thrown at [C:\jenkins\workspace\8-2-build-windows-amd64-cygwin\jdk8u281\880\hotspot\src\share\vm\runtime\sharedRuntime.cpp, line 609]
Event: 0.395 Thread 0x0000025469e55800 Exception <a 'java/lang/ArrayIndexOutOfBoundsException'> (0x00000000d7ae8c68) thrown at [C:\jenkins\workspace\8-2-build-windows-amd64-cygwin\jdk8u281\880\hotspot\src\share\vm\runtime\sharedRuntime.cpp, line 609]
Event: 0.395 Thread 0x0000025469e55800 Exception <a 'java/lang/ArrayIndexOutOfBoundsException'> (0x00000000d7aeac58) thrown at [C:\jenkins\workspace\8-2-build-windows-amd64-cygwin\jdk8u281\880\hotspot\src\share\vm\runtime\sharedRuntime.cpp, line 609]
Event: 0.395 Thread 0x0000025469e55800 Exception <a 'java/lang/ArrayIndexOutOfBoundsException'> (0x00000000d7af4a98) thrown at [C:\jenkins\workspace\8-2-build-windows-amd64-cygwin\jdk8u281\880\hotspot\src\share\vm\runtime\sharedRuntime.cpp, line 609]
Event: 0.395 Thread 0x0000025469e55800 Exception <a 'java/lang/ArrayIndexOutOfBoundsException': 134> (0x00000000d7af6670) thrown at [C:\jenkins\workspace\8-2-build-windows-amd64-cygwin\jdk8u281\880\hotspot\src\share\vm\interpreter\interpreterRuntime.cpp, line 371]
Event: 0.444 Thread 0x0000025403b5a800 Exception <a 'java/lang/NoSuchMethodError': java.lang.Object.lambda$static$0(Ljava/lang/Throwable;)Lorg/springframework/boot/devtools/restart/FailureHandler$Outcome;> (0x00000000d6590a40) thrown at [C:\jenkins\workspace\8-2-build-windows-amd64-cygwin\jdk8
Event: 0.452 Thread 0x0000025402f5d800 Exception <a 'java/lang/NoSuchMethodError': java.lang.Object.lambda$fromSpringFactories$0(Ljava/lang/ClassLoader;)Ljava/util/List;> (0x00000000d675b680) thrown at [C:\jenkins\workspace\8-2-build-windows-amd64-cygwin\jdk8u281\880\hotspot\src\share\vm\inter

Events (10 events):
Event: 0.465 loading class sun/util/logging/LoggingSupport$2
Event: 0.465 loading class sun/util/logging/LoggingSupport$2 done
Event: 0.466 loading class java/util/MissingResourceException
Event: 0.466 loading class java/util/MissingResourceException done
Event: 0.466 loading class org/springframework/boot/DefaultApplicationArguments
Event: 0.466 loading class org/springframework/boot/DefaultApplicationArguments done
Event: 0.466 loading class org/springframework/boot/DefaultApplicationArguments$Source
Event: 0.466 loading class org/springframework/boot/DefaultApplicationArguments$Source done
Event: 0.467 loading class org/springframework/core/env/PropertySource$ComparisonPropertySource
Event: 0.467 loading class org/springframework/core/env/PropertySource$ComparisonPropertySource done


Dynamic libraries:
0x00007ff6f06a0000 - 0x00007ff6f06e7000 	C:\Program Files\Java\jdk1.8.0_281\bin\java.exe
0x00007fff5c070000 - 0x00007fff5c265000 	C:\Windows\SYSTEM32\ntdll.dll
0x00007fff5a940000 - 0x00007fff5a9fd000 	C:\Windows\System32\KERNEL32.DLL
0x00007fff59c30000 - 0x00007fff59ef8000 	C:\Windows\System32\KERNELBASE.dll
0x00007fff5a530000 - 0x00007fff5a5dc000 	C:\Windows\System32\ADVAPI32.dll
0x00007fff5a490000 - 0x00007fff5a52e000 	C:\Windows\System32\msvcrt.dll
0x00007fff5bce0000 - 0x00007fff5bd7b000 	C:\Windows\System32\sechost.dll
0x00007fff5b660000 - 0x00007fff5b78b000 	C:\Windows\System32\RPCRT4.dll
0x00007fff5acf0000 - 0x00007fff5ae90000 	C:\Windows\System32\USER32.dll
0x00007fff59ff0000 - 0x00007fff5a012000 	C:\Windows\System32\win32u.dll
0x00007fff5a190000 - 0x00007fff5a1ba000 	C:\Windows\System32\GDI32.dll
0x00007fff59930000 - 0x00007fff59a3b000 	C:\Windows\System32\gdi32full.dll
0x00007fff59f50000 - 0x00007fff59fed000 	C:\Windows\System32\msvcp_win.dll
0x00007fff597b0000 - 0x00007fff598b0000 	C:\Windows\System32\ucrtbase.dll
0x00007fff43f90000 - 0x00007fff4422a000 	C:\Windows\WinSxS\amd64_microsoft.windows.common-controls_6595b64144ccf1df_6.0.19041.844_none_ca00b6081b84eb1d\COMCTL32.dll
0x00007fff5b790000 - 0x00007fff5b7c0000 	C:\Windows\System32\IMM32.DLL
0x00007fff56440000 - 0x00007fff56455000 	C:\Program Files\Java\jdk1.8.0_281\jre\bin\vcruntime140.dll
0x00007fff3f650000 - 0x00007fff3f6eb000 	C:\Program Files\Java\jdk1.8.0_281\jre\bin\msvcp140.dll
0x00000000508c0000 - 0x000000005111f000 	C:\Program Files\Java\jdk1.8.0_281\jre\bin\server\jvm.dll
0x00007fff5aa80000 - 0x00007fff5aa88000 	C:\Windows\System32\PSAPI.DLL
0x00007fff3de60000 - 0x00007fff3de69000 	C:\Windows\SYSTEM32\WSOCK32.dll
0x00007fff4e410000 - 0x00007fff4e41a000 	C:\Windows\SYSTEM32\VERSION.dll
0x00007fff5ac80000 - 0x00007fff5aceb000 	C:\Windows\System32\WS2_32.dll
0x00007fff4e420000 - 0x00007fff4e447000 	C:\Windows\SYSTEM32\WINMM.dll
0x00007fff576d0000 - 0x00007fff576e2000 	C:\Windows\SYSTEM32\kernel.appcore.dll
0x00007fff56470000 - 0x00007fff56480000 	C:\Program Files\Java\jdk1.8.0_281\jre\bin\verify.dll
0x00007fff52b00000 - 0x00007fff52b2b000 	C:\Program Files\Java\jdk1.8.0_281\jre\bin\java.dll
0x00007fff4daa0000 - 0x00007fff4dad0000 	C:\Program Files\Java\jdk1.8.0_281\jre\bin\instrument.dll
0x00007fff51f00000 - 0x00007fff51f18000 	C:\Program Files\Java\jdk1.8.0_281\jre\bin\zip.dll
0x00007fff5af10000 - 0x00007fff5b652000 	C:\Windows\System32\SHELL32.dll
0x00007fff578d0000 - 0x00007fff58061000 	C:\Windows\SYSTEM32\windows.storage.dll
0x00007fff5a5e0000 - 0x00007fff5a935000 	C:\Windows\System32\combase.dll
0x00007fff59150000 - 0x00007fff5917c000 	C:\Windows\SYSTEM32\Wldp.dll
0x00007fff5b7c0000 - 0x00007fff5b86e000 	C:\Windows\System32\SHCORE.dll
0x00007fff5ab40000 - 0x00007fff5ab95000 	C:\Windows\System32\shlwapi.dll
0x00007fff596f0000 - 0x00007fff5970f000 	C:\Windows\SYSTEM32\profapi.dll
0x00007fff4ccf0000 - 0x00007fff4cd0a000 	C:\Program Files\JetBrains\IntelliJ IDEA Community Edition 2020.3.3\bin\breakgen64.dll
0x00007fff51ee0000 - 0x00007fff51efc000 	C:\Program Files\Java\jdk1.8.0_281\jre\bin\net.dll
0x00007fff58f30000 - 0x00007fff58f9a000 	C:\Windows\system32\mswsock.dll

VM Arguments:
jvm_args: -javaagent:C:\Program Files\JetBrains\IntelliJ IDEA Community Edition 2020.3.3\lib\idea_rt.jar=63433:C:\Program Files\JetBrains\IntelliJ IDEA Community Edition 2020.3.3\bin -Dfile.encoding=UTF-8 
java_command: com.utn.Parcial.ParcialAceboCanalApplication
java_class_path (initial): C:\Program Files\Java\jdk1.8.0_281\jre\lib\charsets.jar;C:\Program Files\Java\jdk1.8.0_281\jre\lib\deploy.jar;C:\Program Files\Java\jdk1.8.0_281\jre\lib\ext\access-bridge-64.jar;C:\Program Files\Java\jdk1.8.0_281\jre\lib\ext\cldrdata.jar;C:\Program Files\Java\jdk1.8.0_281\jre\lib\ext\dnsns.jar;C:\Program Files\Java\jdk1.8.0_281\jre\lib\ext\jaccess.jar;C:\Program Files\Java\jdk1.8.0_281\jre\lib\ext\jfxrt.jar;C:\Program Files\Java\jdk1.8.0_281\jre\lib\ext\localedata.jar;C:\Program Files\Java\jdk1.8.0_281\jre\lib\ext\nashorn.jar;C:\Program Files\Java\jdk1.8.0_281\jre\lib\ext\sunec.jar;C:\Program Files\Java\jdk1.8.0_281\jre\lib\ext\sunjce_provider.jar;C:\Program Files\Java\jdk1.8.0_281\jre\lib\ext\sunmscapi.jar;C:\Program Files\Java\jdk1.8.0_281\jre\lib\ext\sunpkcs11.jar;C:\Program Files\Java\jdk1.8.0_281\jre\lib\ext\zipfs.jar;C:\Program Files\Java\jdk1.8.0_281\jre\lib\javaws.jar;C:\Program Files\Java\jdk1.8.0_281\jre\lib\jce.jar;C:\Program Files\Java\jdk1.8.0_281\jre\lib\jfr.jar;C:\Program Files\Java\jdk1.8.0_281\jre\lib\jfxswt.jar;C:\Program Files\Java\jdk1.8.0_281\jre\lib\jsse.jar;C:\Program Files\Java\jdk1.8.0_281\jre\lib\management-agent.jar;C:\Program Files\Java\jdk1.8.0_281\jre\lib\plugin.jar;C:\Program Files\Java\jdk1.8.0_281\jre\lib\resources.jar;C:\Program Files\Java\jdk1.8.0_281\jre\lib\rt.jar;C:\Users\franc\Desktop\ParcialFrancoAceboCanal\target\classes;C:\Users\franc\.m2\repository\org\springframework\boot\spring-boot-starter-data-jpa\2.4.4\spring-boot-starter-data-jpa-2.4.4.jar;C:\Users\franc\.m2\repository\org\springframework\boot\spring-boot-starter-aop\2.4.4\spring-boot-starter-aop-2.4.4.jar;C:\Users\franc\.m2\repository\org\springframework\spring-aop\5.3.5\spring-aop-5.3.5.jar;C:\Users\franc\.m2\repository\org\aspectj\aspectjweaver\1.9.6\aspectjweaver-1.9.6.jar;C:\Users\franc\.m2\repository\org\springframework\boot\spring-boot-starter-jdbc\2.4.4\spring-boot-starter-jdbc-2.4.4.jar;C:\Users\franc\.m2\repository\com\zaxxer\Hik
Launcher Type: SUN_STANDARD

Environment Variables:
JAVA_HOME=C:\Program Files\Java\jdk1.8.0_281
PATH=C:\Program Files (x86)\Common Files\Oracle\Java\javapath;C:\Windows\system32;C:\Windows;C:\Windows\System32\Wbem;C:\Windows\System32\WindowsPowerShell\v1.0\;C:\Windows\System32\OpenSSH\;C:\Program Files\nodejs\;C:\Program Files\Java\jdk1.8.0_281\bin;C:\Program Files\apache-maven-3.6.3-bin\apache-maven-3.6.3\bin;C:\Program Files\Git\cmd;C:\Users\franc\AppData\Local\Microsoft\WindowsApps;C:\Users\franc\AppData\Roaming\npm;C:\Users\franc\AppData\Local\Programs\Microsoft VS Code\bin;C:\Users\franc\AppData\Local\GitHubDesktop\bin
USERNAME=Franco
OS=Windows_NT
PROCESSOR_IDENTIFIER=AMD64 Family 23 Model 113 Stepping 0, AuthenticAMD



---------------  S Y S T E M  ---------------

OS: Windows 10.0 , 64 bit Build 19041 (10.0.19041.804)

CPU:total 16 (initial active 16) (16 cores per cpu, 1 threads per core) family 23 model 113 stepping 0, cmov, cx8, fxsr, mmx, sse, sse2, sse3, ssse3, sse4.1, sse4.2, popcnt, avx, avx2, aes, clmul, mmxext, 3dnowpref, lzcnt, sse4a, tsc, tscinvbit, tscinv, bmi1

Memory: 4k page, physical 8273156k(220700k free), swap 33438980k(5124k free)

vm_info: Java HotSpot(TM) 64-Bit Server VM (25.281-b09) for windows-amd64 JRE (1.8.0_281-b09), built on Dec  9 2020 13:54:07 by "" with MS VC++ 15.9 (VS2017)

time: Wed Apr 14 20:04:27 2021
timezone: Hora estándar de Argentina
elapsed time: 0.470749 seconds (0d 0h 0m 0s)

